#
# A fatal error has been detected by the Java Runtime Environment:
#
#  SIGSEGV (0xb) at pc=0x00000001092d502a, pid=1147, tid=0x000000000000140f
#
# JRE version: OpenJDK Runtime Environment (8.0_152-b01) (build 1.8.0_152-release-884-b01)
# Java VM: OpenJDK 64-Bit Server VM (25.152-b01 mixed mode bsd-amd64 compressed oops)
# Problematic frame:
# V  [libjvm.dylib+0x2d502a]  jni_SetStaticIntField+0xb5
#
# Failed to write core dump. Core dumps have been disabled. To enable core dumping, try "ulimit -c unlimited" before starting Java again
#
# If you would like to submit a bug report, please visit:
#   http://bugreport.java.com/bugreport/crash.jsp
#

---------------  T H R E A D  ---------------

Current thread (0x00007f9eff2f0000):  JavaThread "Daemon worker Thread 2" [_thread_in_vm, id=5135, stack(0x0000700006de5000,0x0000700006ee5000)]

siginfo: si_signo: 11 (SIGSEGV), si_code: 1 (SEGV_MAPERR), si_addr: 0x0000000000000000

Registers:
RAX=0x00000001097f1a3c, RBX=0x00007f9eff2f0000, RCX=0x0000000000000000, RDX=0x0000000000000000
RSP=0x0000700006edf2e0, RBP=0x0000700006edf340, RSI=0x0000700006edf3e0, RDI=0x00007f9eff2f01e0
R8 =0x0000000000000000, R9 =0x00007fffa48a8a50, R10=0x0000000000000007, R11=0x00000001097f0c3b
R12=0x0000700006edf3e0, R13=0x00007f9eff2f01e0, R14=0x0000000000000000, R15=0x0000000000000000
RIP=0x00000001092d502a, EFLAGS=0x0000000000010246, ERR=0x0000000000000004
  TRAPNO=0x000000000000000e

Top of Stack: (sp=0x0000700006edf2e0)
0x0000700006edf2e0:   00007f9eff2f0000 00007f9eff2f0000
0x0000700006edf2f0:   00007f9eff2bac38 0000000100000b8b
0x0000700006edf300:   000000010958d077 00007f9eff2f0000
0x0000700006edf310:   00007f9eff2f0000 00007f9eff2f01e0
0x0000700006edf320:   00000001092d4f75 000000011460b1e0
0x0000700006edf330:   0000700006edf3e0 000000010f591e39
0x0000700006edf340:   0000700006edf380 000000010f590f98
0x0000700006edf350:   000000010f590e90 000000011460b1e8
0x0000700006edf360:   0000000000000000 000000011460b1e0
0x0000700006edf370:   0000700006edf3e8 00007f9eff2f0000
0x0000700006edf380:   0000700006edf3d0 0000000117807734
0x0000700006edf390:   0000700006edf390 000000011460b1e0
0x0000700006edf3a0:   0000700006edf3e8 000000011460b400
0x0000700006edf3b0:   0000000000000000 000000011460b1e8
0x0000700006edf3c0:   0000000000000000 0000700006edf3f0
0x0000700006edf3d0:   0000700006edf430 00000001177f7ffd
0x0000700006edf3e0:   00000007a03c6728 0000000117801278
0x0000700006edf3f0:   0000700006edf3f0 000000011460b364
0x0000700006edf400:   0000700006edf438 000000011460b400
0x0000700006edf410:   0000000000000000 000000011460b370
0x0000700006edf420:   0000700006edf3f0 0000700006edf440
0x0000700006edf430:   0000700006edf4a0 00000001177f04e7
0x0000700006edf440:   0000000100001fa0 00007f9eff2f0000
0x0000700006edf450:   00007f9eff2f0000 000000000000000f
0x0000700006edf460:   000000000000000f 000000011460b370
0x0000700006edf470:   0000700006edf518 0000700006edf630
0x0000700006edf480:   000000000000000a 000000011460b370
0x0000700006edf490:   00000001178029c0 0000700006edf650
0x0000700006edf4a0:   0000700006edf610 00000001092beec9
0x0000700006edf4b0:   0000000000000000 00007f9eff2f0000
0x0000700006edf4c0:   00000000000080b0 00007f9eff2f0000
0x0000700006edf4d0:   00007f9efeeca100 00007f9eff2bac00 

Instructions: (pc=0x00000001092d502a)
0x00000001092d500a:   30 49 8b 0f 31 f6 31 d2 41 b9 01 00 00 00 48 89
0x00000001092d501a:   df 4d 89 f8 50 6a 49 e8 6a 5a 07 00 48 83 c4 10
0x00000001092d502a:   49 8b 07 48 8b 40 68 49 63 4f 10 44 89 34 08 90
0x00000001092d503a:   0f 1f 40 00 48 83 7d b0 00 74 09 48 8d 7d a8 e8 

Register to memory mapping:

RAX=0x00000001097f1a3c: _ZN11JvmtiExport31_should_post_field_modificationE+0 in /Applications/Android Studio 3.0 Preview.app/Contents/jre/jdk/Contents/Home/jre/lib/server/libjvm.dylib at 0x0000000109000000
RBX=0x00007f9eff2f0000 is a thread
RCX=0x0000000000000000 is an unknown value
RDX=0x0000000000000000 is an unknown value
RSP=0x0000700006edf2e0 is pointing into the stack for thread: 0x00007f9eff2f0000
RBP=0x0000700006edf340 is pointing into the stack for thread: 0x00007f9eff2f0000
RSI=0x0000700006edf3e0 is pointing into the stack for thread: 0x00007f9eff2f0000
RDI=0x00007f9eff2f01e0 is an unknown value
R8 =0x0000000000000000 is an unknown value
R9 =0x00007fffa48a8a50: __vfprintf+0x4699 in /usr/lib/system/libsystem_c.dylib at 0x00007fffa485e000
R10=0x0000000000000007 is an unknown value
R11=0x00000001097f0c3b: AssumeMP+0 in /Applications/Android Studio 3.0 Preview.app/Contents/jre/jdk/Contents/Home/jre/lib/server/libjvm.dylib at 0x0000000109000000
R12=0x0000700006edf3e0 is pointing into the stack for thread: 0x00007f9eff2f0000
R13=0x00007f9eff2f01e0 is an unknown value
R14=0x0000000000000000 is an unknown value
R15=0x0000000000000000 is an unknown value


Stack: [0x0000700006de5000,0x0000700006ee5000],  sp=0x0000700006edf2e0,  free space=1000k
Native frames: (J=compiled Java code, j=interpreted, Vv=VM code, C=native code)
V  [libjvm.dylib+0x2d502a]  jni_SetStaticIntField+0xb5
C  [libjansi.jnilib+0xf98]  Java_org_fusesource_jansi_internal_CLibrary_init+0x108
j  org.fusesource.jansi.internal.CLibrary.init()V+0
j  org.fusesource.jansi.internal.CLibrary.<clinit>()V+20
v  ~StubRoutines::call_stub
V  [libjvm.dylib+0x2beec9]  JavaCalls::call_helper(JavaValue*, methodHandle*, JavaCallArguments*, Thread*)+0x597
V  [libjvm.dylib+0x28ec3d]  InstanceKlass::call_class_initializer_impl(instanceKlassHandle, Thread*)+0xe5
V  [libjvm.dylib+0x28daa7]  InstanceKlass::initialize_impl(instanceKlassHandle, Thread*)+0x4d1
V  [libjvm.dylib+0x28d5c2]  InstanceKlass::initialize(Thread*)+0x3a
V  [libjvm.dylib+0x382906]  LinkResolver::resolve_field(fieldDescriptor&, KlassHandle, Symbol*, Symbol*, KlassHandle, Bytecodes::Code, bool, bool, Thread*)+0x300
V  [libjvm.dylib+0x3825f2]  LinkResolver::resolve_field_access(fieldDescriptor&, constantPoolHandle, int, Bytecodes::Code, Thread*)+0x106
V  [libjvm.dylib+0x2b8143]  InterpreterRuntime::resolve_get_put(JavaThread*, Bytecodes::Code)+0x103
j  org.jetbrains.kotlin.cli.common.messages.PlainTextMessageRenderer.<clinit>()V+21
v  ~StubRoutines::call_stub
V  [libjvm.dylib+0x2beec9]  JavaCalls::call_helper(JavaValue*, methodHandle*, JavaCallArguments*, Thread*)+0x597
V  [libjvm.dylib+0x28ec3d]  InstanceKlass::call_class_initializer_impl(instanceKlassHandle, Thread*)+0xe5
V  [libjvm.dylib+0x28daa7]  InstanceKlass::initialize_impl(instanceKlassHandle, Thread*)+0x4d1
V  [libjvm.dylib+0x28d5c2]  InstanceKlass::initialize(Thread*)+0x3a
V  [libjvm.dylib+0x28d89e]  InstanceKlass::initialize_impl(instanceKlassHandle, Thread*)+0x2c8
V  [libjvm.dylib+0x28d5c2]  InstanceKlass::initialize(Thread*)+0x3a
V  [libjvm.dylib+0x2b7122]  InterpreterRuntime::_new(JavaThread*, ConstantPool*, int)+0x5e
j  org.jetbrains.kotlin.cli.common.messages.MessageRenderer.<clinit>()V+10
v  ~StubRoutines::call_stub
V  [libjvm.dylib+0x2beec9]  JavaCalls::call_helper(JavaValue*, methodHandle*, JavaCallArguments*, Thread*)+0x597
V  [libjvm.dylib+0x28ec3d]  InstanceKlass::call_class_initializer_impl(instanceKlassHandle, Thread*)+0xe5
V  [libjvm.dylib+0x28daa7]  InstanceKlass::initialize_impl(instanceKlassHandle, Thread*)+0x4d1
V  [libjvm.dylib+0x28d5c2]  InstanceKlass::initialize(Thread*)+0x3a
V  [libjvm.dylib+0x382906]  LinkResolver::resolve_field(fieldDescriptor&, KlassHandle, Symbol*, Symbol*, KlassHandle, Bytecodes::Code, bool, bool, Thread*)+0x300
V  [libjvm.dylib+0x3825f2]  LinkResolver::resolve_field_access(fieldDescriptor&, constantPoolHandle, int, Bytecodes::Code, Thread*)+0x106
V  [libjvm.dylib+0x2b8143]  InterpreterRuntime::resolve_get_put(JavaThread*, Bytecodes::Code)+0x103
j  org.jetbrains.kotlin.compilerRunner.GradleCompilerRunner$loggingMessageCollector$2$1.<init>(Lorg/jetbrains/kotlin/compilerRunner/GradleCompilerRunner$loggingMessageCollector$2;)V+10
j  org.jetbrains.kotlin.compilerRunner.GradleCompilerRunner$loggingMessageCollector$2.invoke()Lorg/jetbrains/kotlin/compilerRunner/GradleCompilerRunner$loggingMessageCollector$2$1;+5
j  org.jetbrains.kotlin.compilerRunner.GradleCompilerRunner$loggingMessageCollector$2.invoke()Ljava/lang/Object;+1
j  kotlin.SynchronizedLazyImpl.getValue()Ljava/lang/Object;+55
j  org.jetbrains.kotlin.compilerRunner.GradleCompilerRunner.getLoggingMessageCollector()Lorg/jetbrains/kotlin/cli/common/messages/MessageCollector;+14
j  org.jetbrains.kotlin.compilerRunner.GradleCompilerRunner.compileOutOfProcess([Ljava/lang/String;Ljava/lang/String;Lorg/jetbrains/kotlin/compilerRunner/GradleCompilerEnvironment;)Lorg/jetbrains/kotlin/cli/common/ExitCode;+238
j  org.jetbrains.kotlin.compilerRunner.GradleCompilerRunner.compileWithDaemonOrFallback(Ljava/lang/String;Lorg/jetbrains/kotlin/cli/common/arguments/CommonCompilerArguments;Lorg/jetbrains/kotlin/compilerRunner/GradleCompilerEnvironment;)Lorg/jetbrains/kotlin/cli/common/ExitCode;+584
j  org.jetbrains.kotlin.compilerRunner.GradleCompilerRunner.compileWithDaemonOrFallback(Ljava/lang/String;Lorg/jetbrains/kotlin/cli/common/arguments/CommonCompilerArguments;Lorg/jetbrains/kotlin/compilerRunner/CompilerEnvironment;)Lorg/jetbrains/kotlin/cli/common/ExitCode;+7
j  org.jetbrains.kotlin.compilerRunner.KotlinCompilerRunner.runCompiler(Ljava/lang/String;Lorg/jetbrains/kotlin/cli/common/arguments/CommonCompilerArguments;Lorg/jetbrains/kotlin/compilerRunner/CompilerEnvironment;)Lorg/jetbrains/kotlin/cli/common/ExitCode;+25
j  org.jetbrains.kotlin.compilerRunner.GradleCompilerRunner.runJvmCompiler(Ljava/util/List;Ljava/lang/Iterable;Lorg/jetbrains/kotlin/cli/common/arguments/K2JVMCompilerArguments;Lorg/jetbrains/kotlin/compilerRunner/GradleCompilerEnvironment;)Lorg/jetbrains/kotlin/cli/common/ExitCode;+234
j  org.jetbrains.kotlin.gradle.tasks.KotlinCompile.callCompiler$kotlin_gradle_plugin(Lorg/jetbrains/kotlin/cli/common/arguments/K2JVMCompilerArguments;Lorg/jetbrains/kotlin/gradle/tasks/SourceRoots;Lorg/jetbrains/kotlin/incremental/ChangedFiles;)V+291
j  org.jetbrains.kotlin.gradle.tasks.KotlinCompile.callCompiler$kotlin_gradle_plugin(Lorg/jetbrains/kotlin/cli/common/arguments/CommonCompilerArguments;Lorg/jetbrains/kotlin/gradle/tasks/SourceRoots;Lorg/jetbrains/kotlin/incremental/ChangedFiles;)V+7
j  org.jetbrains.kotlin.gradle.tasks.AbstractKotlinCompile.execute(Lorg/gradle/api/tasks/incremental/IncrementalTaskInputs;)V+189
v  ~StubRoutines::call_stub
V  [libjvm.dylib+0x2beec9]  JavaCalls::call_helper(JavaValue*, methodHandle*, JavaCallArguments*, Thread*)+0x597
V  [libjvm.dylib+0x47d3e3]  Reflection::invoke(instanceKlassHandle, methodHandle, Handle, bool, objArrayHandle, BasicType, objArrayHandle, bool, Thread*)+0x6e9
V  [libjvm.dylib+0x47de43]  Reflection::invoke_method(oopDesc*, Handle, objArrayHandle, Thread*)+0x173
V  [libjvm.dylib+0x305f99]  JVM_InvokeMethod+0x1a9
J 1423  sun.reflect.NativeMethodAccessorImpl.invoke0(Ljava/lang/reflect/Method;Ljava/lang/Object;[Ljava/lang/Object;)Ljava/lang/Object; (0 bytes) @ 0x0000000117c8e9ed [0x0000000117c8e900+0xed]
J 12841 C2 sun.reflect.NativeMethodAccessorImpl.invoke(Ljava/lang/Object;[Ljava/lang/Object;)Ljava/lang/Object; (104 bytes) @ 0x0000000118d862b4 [0x0000000118d86240+0x74]
J 7611 C2 java.lang.reflect.Method.invoke(Ljava/lang/Object;[Ljava/lang/Object;)Ljava/lang/Object; (62 bytes) @ 0x0000000118e0a6cc [0x0000000118e0a640+0x8c]
J 2752 C1 org.gradle.internal.reflect.JavaMethod.invoke(Ljava/lang/Object;[Ljava/lang/Object;)Ljava/lang/Object; (74 bytes) @ 0x00000001181a757c [0x00000001181a7460+0x11c]
j  org.gradle.api.internal.project.taskfactory.DefaultTaskClassInfoStore$IncrementalTaskAction.doExecute(Lorg/gradle/api/Task;Ljava/lang/String;)V+35
j  org.gradle.api.internal.project.taskfactory.DefaultTaskClassInfoStore$StandardTaskAction.execute(Lorg/gradle/api/Task;)V+32
j  org.gradle.api.internal.project.taskfactory.DefaultTaskClassInfoStore$StandardTaskAction.execute(Ljava/lang/Object;)V+5
j  org.gradle.api.internal.tasks.execution.ExecuteActionsTaskExecuter$1.run(Lorg/gradle/internal/operations/BuildOperationContext;)V+23
J 12743 C2 org.gradle.internal.progress.DefaultBuildOperationExecutor.execute(Lorg/gradle/internal/operations/BuildOperation;Lorg/gradle/internal/operations/BuildOperationWorker;Lorg/gradle/internal/progress/DefaultBuildOperationExecutor$DefaultBuildOperationState;)V (430 bytes) @ 0x0000000119b1e5c4 [0x0000000119b1d4a0+0x1124]
J 12319 C1 org.gradle.internal.progress.DefaultBuildOperationExecutor.run(Lorg/gradle/internal/operations/RunnableBuildOperation;)V (38 bytes) @ 0x0000000119a96d1c [0x0000000119a969e0+0x33c]
j  org.gradle.api.internal.tasks.execution.ExecuteActionsTaskExecuter.executeAction(Ljava/lang/String;Lorg/gradle/api/internal/TaskInternal;Lorg/gradle/api/internal/tasks/ContextAwareTaskAction;Lorg/gradle/api/internal/tasks/TaskExecutionContext;)V+23
j  org.gradle.api.internal.tasks.execution.ExecuteActionsTaskExecuter.executeActions(Lorg/gradle/api/internal/TaskInternal;Lorg/gradle/api/internal/tasks/TaskStateInternal;Lorg/gradle/api/internal/tasks/TaskExecutionContext;)Lorg/gradle/api/GradleException;+131
j  org.gradle.api.internal.tasks.execution.ExecuteActionsTaskExecuter.execute(Lorg/gradle/api/internal/TaskInternal;Lorg/gradle/api/internal/tasks/TaskStateInternal;Lorg/gradle/api/internal/tasks/TaskExecutionContext;)V+42
j  org.gradle.api.internal.tasks.execution.SkipUpToDateTaskExecuter.execute(Lorg/gradle/api/internal/TaskInternal;Lorg/gradle/api/internal/tasks/TaskStateInternal;Lorg/gradle/api/internal/tasks/TaskExecutionContext;)V+131
j  org.gradle.api.internal.tasks.execution.ResolveTaskOutputCachingStateExecuter.execute(Lorg/gradle/api/internal/TaskInternal;Lorg/gradle/api/internal/tasks/TaskStateInternal;Lorg/gradle/api/internal/tasks/TaskExecutionContext;)V+96
j  org.gradle.api.internal.tasks.execution.ValidatingTaskExecuter.execute(Lorg/gradle/api/internal/TaskInternal;Lorg/gradle/api/internal/tasks/TaskStateInternal;Lorg/gradle/api/internal/tasks/TaskExecutionContext;)V+215
j  org.gradle.api.internal.tasks.execution.SkipEmptySourceFilesTaskExecuter.execute(Lorg/gradle/api/internal/TaskInternal;Lorg/gradle/api/internal/tasks/TaskStateInternal;Lorg/gradle/api/internal/tasks/TaskExecutionContext;)V+335
j  org.gradle.api.internal.tasks.execution.ResolveTaskArtifactStateTaskExecuter.execute(Lorg/gradle/api/internal/TaskInternal;Lorg/gradle/api/internal/tasks/TaskStateInternal;Lorg/gradle/api/internal/tasks/TaskExecutionContext;)V+72
j  org.gradle.api.internal.tasks.execution.SkipTaskWithNoActionsExecuter.execute(Lorg/gradle/api/internal/TaskInternal;Lorg/gradle/api/internal/tasks/TaskStateInternal;Lorg/gradle/api/internal/tasks/TaskExecutionContext;)V+124
j  org.gradle.api.internal.tasks.execution.SkipOnlyIfTaskExecuter.execute(Lorg/gradle/api/internal/TaskInternal;Lorg/gradle/api/internal/tasks/TaskStateInternal;Lorg/gradle/api/internal/tasks/TaskExecutionContext;)V+85
j  org.gradle.api.internal.tasks.execution.ExecuteAtMostOnceTaskExecuter.execute(Lorg/gradle/api/internal/TaskInternal;Lorg/gradle/api/internal/tasks/TaskStateInternal;Lorg/gradle/api/internal/tasks/TaskExecutionContext;)V+26
j  org.gradle.api.internal.tasks.execution.CatchExceptionTaskExecuter.execute(Lorg/gradle/api/internal/TaskInternal;Lorg/gradle/api/internal/tasks/TaskStateInternal;Lorg/gradle/api/internal/tasks/TaskExecutionContext;)V+7
j  org.gradle.execution.taskgraph.DefaultTaskGraphExecuter$EventFiringTaskWorker$1.run(Lorg/gradle/internal/operations/BuildOperationContext;)V+56
J 12743 C2 org.gradle.internal.progress.DefaultBuildOperationExecutor.execute(Lorg/gradle/internal/operations/BuildOperation;Lorg/gradle/internal/operations/BuildOperationWorker;Lorg/gradle/internal/progress/DefaultBuildOperationExecutor$DefaultBuildOperationState;)V (430 bytes) @ 0x0000000119b1e5c4 [0x0000000119b1d4a0+0x1124]
J 12319 C1 org.gradle.internal.progress.DefaultBuildOperationExecutor.run(Lorg/gradle/internal/operations/RunnableBuildOperation;)V (38 bytes) @ 0x0000000119a96d1c [0x0000000119a969e0+0x33c]
j  org.gradle.execution.taskgraph.DefaultTaskGraphExecuter$EventFiringTaskWorker.execute(Lorg/gradle/api/internal/TaskInternal;)V+16
j  org.gradle.execution.taskgraph.DefaultTaskGraphExecuter$EventFiringTaskWorker.execute(Ljava/lang/Object;)V+5
j  org.gradle.execution.taskgraph.DefaultTaskPlanExecutor$TaskExecutorWorker.processTask(Lorg/gradle/execution/taskgraph/TaskInfo;)V+8
j  org.gradle.execution.taskgraph.DefaultTaskPlanExecutor$TaskExecutorWorker.access$200(Lorg/gradle/execution/taskgraph/DefaultTaskPlanExecutor$TaskExecutorWorker;Lorg/gradle/execution/taskgraph/TaskInfo;)V+2
j  org.gradle.execution.taskgraph.DefaultTaskPlanExecutor$TaskExecutorWorker$1.execute(Lorg/gradle/execution/taskgraph/TaskInfo;)V+38
j  org.gradle.execution.taskgraph.DefaultTaskPlanExecutor$TaskExecutorWorker$1.execute(Ljava/lang/Object;)V+5
j  org.gradle.execution.taskgraph.DefaultTaskExecutionPlan.execute(Lorg/gradle/execution/taskgraph/TaskInfo;Lorg/gradle/internal/work/WorkerLeaseRegistry$WorkerLease;Lorg/gradle/api/Action;)V+14
j  org.gradle.execution.taskgraph.DefaultTaskExecutionPlan.executeWithTask(Lorg/gradle/internal/work/WorkerLeaseRegistry$WorkerLease;Lorg/gradle/api/Action;)Z+53
j  org.gradle.execution.taskgraph.DefaultTaskPlanExecutor$TaskExecutorWorker.run()V+52
j  org.gradle.execution.taskgraph.DefaultTaskPlanExecutor.process(Lorg/gradle/execution/taskgraph/TaskExecutionPlan;Lorg/gradle/api/Action;)V+67
j  org.gradle.execution.taskgraph.DefaultTaskGraphExecuter.execute()V+61
j  org.gradle.execution.SelectedTaskExecutionAction.execute(Lorg/gradle/execution/BuildExecutionContext;)V+55
j  org.gradle.execution.DefaultBuildExecuter.execute(Lorg/gradle/api/internal/GradleInternal;I)V+37
j  org.gradle.execution.DefaultBuildExecuter.access$000(Lorg/gradle/execution/DefaultBuildExecuter;Lorg/gradle/api/internal/GradleInternal;I)V+3
j  org.gradle.execution.DefaultBuildExecuter$1.proceed()V+14
j  org.gradle.execution.DryRunBuildExecutionAction.execute(Lorg/gradle/execution/BuildExecutionContext;)V+121
j  org.gradle.execution.DefaultBuildExecuter.execute(Lorg/gradle/api/internal/GradleInternal;I)V+37
j  org.gradle.execution.DefaultBuildExecuter.execute(Lorg/gradle/api/internal/GradleInternal;)V+3
j  org.gradle.initialization.DefaultGradleLauncher$ExecuteTasks.run(Lorg/gradle/internal/operations/BuildOperationContext;)V+14
J 12743 C2 org.gradle.internal.progress.DefaultBuildOperationExecutor.execute(Lorg/gradle/internal/operations/BuildOperation;Lorg/gradle/internal/operations/BuildOperationWorker;Lorg/gradle/internal/progress/DefaultBuildOperationExecutor$DefaultBuildOperationState;)V (430 bytes) @ 0x0000000119b1e5c4 [0x0000000119b1d4a0+0x1124]
J 12319 C1 org.gradle.internal.progress.DefaultBuildOperationExecutor.run(Lorg/gradle/internal/operations/RunnableBuildOperation;)V (38 bytes) @ 0x0000000119a96d1c [0x0000000119a969e0+0x33c]
j  org.gradle.initialization.DefaultGradleLauncher.runTasks()V+78
j  org.gradle.initialization.DefaultGradleLauncher.doBuildStages(Lorg/gradle/initialization/DefaultGradleLauncher$Stage;)V+56
j  org.gradle.initialization.DefaultGradleLauncher.access$000(Lorg/gradle/initialization/DefaultGradleLauncher;Lorg/gradle/initialization/DefaultGradleLauncher$Stage;)V+2
j  org.gradle.initialization.DefaultGradleLauncher$1.run()V+10
j  org.gradle.internal.work.DefaultWorkerLeaseService.withLocks(Ljava/lang/Iterable;Ljava/lang/Runnable;)V+15
j  org.gradle.initialization.DefaultGradleLauncher.doBuild(Lorg/gradle/initialization/DefaultGradleLauncher$Stage;)Lorg/gradle/BuildResult;+42
...<more frames>...

Java frames: (J=compiled Java code, j=interpreted, Vv=VM code)
j  org.fusesource.jansi.internal.CLibrary.init()V+0
j  org.fusesource.jansi.internal.CLibrary.<clinit>()V+20
v  ~StubRoutines::call_stub
j  org.jetbrains.kotlin.cli.common.messages.PlainTextMessageRenderer.<clinit>()V+21
v  ~StubRoutines::call_stub
j  org.jetbrains.kotlin.cli.common.messages.MessageRenderer.<clinit>()V+10
v  ~StubRoutines::call_stub
j  org.jetbrains.kotlin.compilerRunner.GradleCompilerRunner$loggingMessageCollector$2$1.<init>(Lorg/jetbrains/kotlin/compilerRunner/GradleCompilerRunner$loggingMessageCollector$2;)V+10
j  org.jetbrains.kotlin.compilerRunner.GradleCompilerRunner$loggingMessageCollector$2.invoke()Lorg/jetbrains/kotlin/compilerRunner/GradleCompilerRunner$loggingMessageCollector$2$1;+5
j  org.jetbrains.kotlin.compilerRunner.GradleCompilerRunner$loggingMessageCollector$2.invoke()Ljava/lang/Object;+1
j  kotlin.SynchronizedLazyImpl.getValue()Ljava/lang/Object;+55
j  org.jetbrains.kotlin.compilerRunner.GradleCompilerRunner.getLoggingMessageCollector()Lorg/jetbrains/kotlin/cli/common/messages/MessageCollector;+14
j  org.jetbrains.kotlin.compilerRunner.GradleCompilerRunner.compileOutOfProcess([Ljava/lang/String;Ljava/lang/String;Lorg/jetbrains/kotlin/compilerRunner/GradleCompilerEnvironment;)Lorg/jetbrains/kotlin/cli/common/ExitCode;+238
j  org.jetbrains.kotlin.compilerRunner.GradleCompilerRunner.compileWithDaemonOrFallback(Ljava/lang/String;Lorg/jetbrains/kotlin/cli/common/arguments/CommonCompilerArguments;Lorg/jetbrains/kotlin/compilerRunner/GradleCompilerEnvironment;)Lorg/jetbrains/kotlin/cli/common/ExitCode;+584
j  org.jetbrains.kotlin.compilerRunner.GradleCompilerRunner.compileWithDaemonOrFallback(Ljava/lang/String;Lorg/jetbrains/kotlin/cli/common/arguments/CommonCompilerArguments;Lorg/jetbrains/kotlin/compilerRunner/CompilerEnvironment;)Lorg/jetbrains/kotlin/cli/common/ExitCode;+7
j  org.jetbrains.kotlin.compilerRunner.KotlinCompilerRunner.runCompiler(Ljava/lang/String;Lorg/jetbrains/kotlin/cli/common/arguments/CommonCompilerArguments;Lorg/jetbrains/kotlin/compilerRunner/CompilerEnvironment;)Lorg/jetbrains/kotlin/cli/common/ExitCode;+25
j  org.jetbrains.kotlin.compilerRunner.GradleCompilerRunner.runJvmCompiler(Ljava/util/List;Ljava/lang/Iterable;Lorg/jetbrains/kotlin/cli/common/arguments/K2JVMCompilerArguments;Lorg/jetbrains/kotlin/compilerRunner/GradleCompilerEnvironment;)Lorg/jetbrains/kotlin/cli/common/ExitCode;+234
j  org.jetbrains.kotlin.gradle.tasks.KotlinCompile.callCompiler$kotlin_gradle_plugin(Lorg/jetbrains/kotlin/cli/common/arguments/K2JVMCompilerArguments;Lorg/jetbrains/kotlin/gradle/tasks/SourceRoots;Lorg/jetbrains/kotlin/incremental/ChangedFiles;)V+291
j  org.jetbrains.kotlin.gradle.tasks.KotlinCompile.callCompiler$kotlin_gradle_plugin(Lorg/jetbrains/kotlin/cli/common/arguments/CommonCompilerArguments;Lorg/jetbrains/kotlin/gradle/tasks/SourceRoots;Lorg/jetbrains/kotlin/incremental/ChangedFiles;)V+7
j  org.jetbrains.kotlin.gradle.tasks.AbstractKotlinCompile.execute(Lorg/gradle/api/tasks/incremental/IncrementalTaskInputs;)V+189
v  ~StubRoutines::call_stub
J 1423  sun.reflect.NativeMethodAccessorImpl.invoke0(Ljava/lang/reflect/Method;Ljava/lang/Object;[Ljava/lang/Object;)Ljava/lang/Object; (0 bytes) @ 0x0000000117c8e977 [0x0000000117c8e900+0x77]
J 12841 C2 sun.reflect.NativeMethodAccessorImpl.invoke(Ljava/lang/Object;[Ljava/lang/Object;)Ljava/lang/Object; (104 bytes) @ 0x0000000118d862b4 [0x0000000118d86240+0x74]
J 7611 C2 java.lang.reflect.Method.invoke(Ljava/lang/Object;[Ljava/lang/Object;)Ljava/lang/Object; (62 bytes) @ 0x0000000118e0a6cc [0x0000000118e0a640+0x8c]
J 2752 C1 org.gradle.internal.reflect.JavaMethod.invoke(Ljava/lang/Object;[Ljava/lang/Object;)Ljava/lang/Object; (74 bytes) @ 0x00000001181a757c [0x00000001181a7460+0x11c]
j  org.gradle.api.internal.project.taskfactory.DefaultTaskClassInfoStore$IncrementalTaskAction.doExecute(Lorg/gradle/api/Task;Ljava/lang/String;)V+35
j  org.gradle.api.internal.project.taskfactory.DefaultTaskClassInfoStore$StandardTaskAction.execute(Lorg/gradle/api/Task;)V+32
j  org.gradle.api.internal.project.taskfactory.DefaultTaskClassInfoStore$StandardTaskAction.execute(Ljava/lang/Object;)V+5
j  org.gradle.api.internal.tasks.execution.ExecuteActionsTaskExecuter$1.run(Lorg/gradle/internal/operations/BuildOperationContext;)V+23
J 12743 C2 org.gradle.internal.progress.DefaultBuildOperationExecutor.execute(Lorg/gradle/internal/operations/BuildOperation;Lorg/gradle/internal/operations/BuildOperationWorker;Lorg/gradle/internal/progress/DefaultBuildOperationExecutor$DefaultBuildOperationState;)V (430 bytes) @ 0x0000000119b1e5c4 [0x0000000119b1d4a0+0x1124]
J 12319 C1 org.gradle.internal.progress.DefaultBuildOperationExecutor.run(Lorg/gradle/internal/operations/RunnableBuildOperation;)V (38 bytes) @ 0x0000000119a96d1c [0x0000000119a969e0+0x33c]
j  org.gradle.api.internal.tasks.execution.ExecuteActionsTaskExecuter.executeAction(Ljava/lang/String;Lorg/gradle/api/internal/TaskInternal;Lorg/gradle/api/internal/tasks/ContextAwareTaskAction;Lorg/gradle/api/internal/tasks/TaskExecutionContext;)V+23
j  org.gradle.api.internal.tasks.execution.ExecuteActionsTaskExecuter.executeActions(Lorg/gradle/api/internal/TaskInternal;Lorg/gradle/api/internal/tasks/TaskStateInternal;Lorg/gradle/api/internal/tasks/TaskExecutionContext;)Lorg/gradle/api/GradleException;+131
j  org.gradle.api.internal.tasks.execution.ExecuteActionsTaskExecuter.execute(Lorg/gradle/api/internal/TaskInternal;Lorg/gradle/api/internal/tasks/TaskStateInternal;Lorg/gradle/api/internal/tasks/TaskExecutionContext;)V+42
j  org.gradle.api.internal.tasks.execution.SkipUpToDateTaskExecuter.execute(Lorg/gradle/api/internal/TaskInternal;Lorg/gradle/api/internal/tasks/TaskStateInternal;Lorg/gradle/api/internal/tasks/TaskExecutionContext;)V+131
j  org.gradle.api.internal.tasks.execution.ResolveTaskOutputCachingStateExecuter.execute(Lorg/gradle/api/internal/TaskInternal;Lorg/gradle/api/internal/tasks/TaskStateInternal;Lorg/gradle/api/internal/tasks/TaskExecutionContext;)V+96
j  org.gradle.api.internal.tasks.execution.ValidatingTaskExecuter.execute(Lorg/gradle/api/internal/TaskInternal;Lorg/gradle/api/internal/tasks/TaskStateInternal;Lorg/gradle/api/internal/tasks/TaskExecutionContext;)V+215
j  org.gradle.api.internal.tasks.execution.SkipEmptySourceFilesTaskExecuter.execute(Lorg/gradle/api/internal/TaskInternal;Lorg/gradle/api/internal/tasks/TaskStateInternal;Lorg/gradle/api/internal/tasks/TaskExecutionContext;)V+335
j  org.gradle.api.internal.tasks.execution.ResolveTaskArtifactStateTaskExecuter.execute(Lorg/gradle/api/internal/TaskInternal;Lorg/gradle/api/internal/tasks/TaskStateInternal;Lorg/gradle/api/internal/tasks/TaskExecutionContext;)V+72
j  org.gradle.api.internal.tasks.execution.SkipTaskWithNoActionsExecuter.execute(Lorg/gradle/api/internal/TaskInternal;Lorg/gradle/api/internal/tasks/TaskStateInternal;Lorg/gradle/api/internal/tasks/TaskExecutionContext;)V+124
j  org.gradle.api.internal.tasks.execution.SkipOnlyIfTaskExecuter.execute(Lorg/gradle/api/internal/TaskInternal;Lorg/gradle/api/internal/tasks/TaskStateInternal;Lorg/gradle/api/internal/tasks/TaskExecutionContext;)V+85
j  org.gradle.api.internal.tasks.execution.ExecuteAtMostOnceTaskExecuter.execute(Lorg/gradle/api/internal/TaskInternal;Lorg/gradle/api/internal/tasks/TaskStateInternal;Lorg/gradle/api/internal/tasks/TaskExecutionContext;)V+26
j  org.gradle.api.internal.tasks.execution.CatchExceptionTaskExecuter.execute(Lorg/gradle/api/internal/TaskInternal;Lorg/gradle/api/internal/tasks/TaskStateInternal;Lorg/gradle/api/internal/tasks/TaskExecutionContext;)V+7
j  org.gradle.execution.taskgraph.DefaultTaskGraphExecuter$EventFiringTaskWorker$1.run(Lorg/gradle/internal/operations/BuildOperationContext;)V+56
J 12743 C2 org.gradle.internal.progress.DefaultBuildOperationExecutor.execute(Lorg/gradle/internal/operations/BuildOperation;Lorg/gradle/internal/operations/BuildOperationWorker;Lorg/gradle/internal/progress/DefaultBuildOperationExecutor$DefaultBuildOperationState;)V (430 bytes) @ 0x0000000119b1e5c4 [0x0000000119b1d4a0+0x1124]
J 12319 C1 org.gradle.internal.progress.DefaultBuildOperationExecutor.run(Lorg/gradle/internal/operations/RunnableBuildOperation;)V (38 bytes) @ 0x0000000119a96d1c [0x0000000119a969e0+0x33c]
j  org.gradle.execution.taskgraph.DefaultTaskGraphExecuter$EventFiringTaskWorker.execute(Lorg/gradle/api/internal/TaskInternal;)V+16
j  org.gradle.execution.taskgraph.DefaultTaskGraphExecuter$EventFiringTaskWorker.execute(Ljava/lang/Object;)V+5
j  org.gradle.execution.taskgraph.DefaultTaskPlanExecutor$TaskExecutorWorker.processTask(Lorg/gradle/execution/taskgraph/TaskInfo;)V+8
j  org.gradle.execution.taskgraph.DefaultTaskPlanExecutor$TaskExecutorWorker.access$200(Lorg/gradle/execution/taskgraph/DefaultTaskPlanExecutor$TaskExecutorWorker;Lorg/gradle/execution/taskgraph/TaskInfo;)V+2
j  org.gradle.execution.taskgraph.DefaultTaskPlanExecutor$TaskExecutorWorker$1.execute(Lorg/gradle/execution/taskgraph/TaskInfo;)V+38
j  org.gradle.execution.taskgraph.DefaultTaskPlanExecutor$TaskExecutorWorker$1.execute(Ljava/lang/Object;)V+5
j  org.gradle.execution.taskgraph.DefaultTaskExecutionPlan.execute(Lorg/gradle/execution/taskgraph/TaskInfo;Lorg/gradle/internal/work/WorkerLeaseRegistry$WorkerLease;Lorg/gradle/api/Action;)V+14
j  org.gradle.execution.taskgraph.DefaultTaskExecutionPlan.executeWithTask(Lorg/gradle/internal/work/WorkerLeaseRegistry$WorkerLease;Lorg/gradle/api/Action;)Z+53
j  org.gradle.execution.taskgraph.DefaultTaskPlanExecutor$TaskExecutorWorker.run()V+52
j  org.gradle.execution.taskgraph.DefaultTaskPlanExecutor.process(Lorg/gradle/execution/taskgraph/TaskExecutionPlan;Lorg/gradle/api/Action;)V+67
j  org.gradle.execution.taskgraph.DefaultTaskGraphExecuter.execute()V+61
j  org.gradle.execution.SelectedTaskExecutionAction.execute(Lorg/gradle/execution/BuildExecutionContext;)V+55
j  org.gradle.execution.DefaultBuildExecuter.execute(Lorg/gradle/api/internal/GradleInternal;I)V+37
j  org.gradle.execution.DefaultBuildExecuter.access$000(Lorg/gradle/execution/DefaultBuildExecuter;Lorg/gradle/api/internal/GradleInternal;I)V+3
j  org.gradle.execution.DefaultBuildExecuter$1.proceed()V+14
j  org.gradle.execution.DryRunBuildExecutionAction.execute(Lorg/gradle/execution/BuildExecutionContext;)V+121
j  org.gradle.execution.DefaultBuildExecuter.execute(Lorg/gradle/api/internal/GradleInternal;I)V+37
j  org.gradle.execution.DefaultBuildExecuter.execute(Lorg/gradle/api/internal/GradleInternal;)V+3
j  org.gradle.initialization.DefaultGradleLauncher$ExecuteTasks.run(Lorg/gradle/internal/operations/BuildOperationContext;)V+14
J 12743 C2 org.gradle.internal.progress.DefaultBuildOperationExecutor.execute(Lorg/gradle/internal/operations/BuildOperation;Lorg/gradle/internal/operations/BuildOperationWorker;Lorg/gradle/internal/progress/DefaultBuildOperationExecutor$DefaultBuildOperationState;)V (430 bytes) @ 0x0000000119b1e5c4 [0x0000000119b1d4a0+0x1124]
J 12319 C1 org.gradle.internal.progress.DefaultBuildOperationExecutor.run(Lorg/gradle/internal/operations/RunnableBuildOperation;)V (38 bytes) @ 0x0000000119a96d1c [0x0000000119a969e0+0x33c]
j  org.gradle.initialization.DefaultGradleLauncher.runTasks()V+78
j  org.gradle.initialization.DefaultGradleLauncher.doBuildStages(Lorg/gradle/initialization/DefaultGradleLauncher$Stage;)V+56
j  org.gradle.initialization.DefaultGradleLauncher.access$000(Lorg/gradle/initialization/DefaultGradleLauncher;Lorg/gradle/initialization/DefaultGradleLauncher$Stage;)V+2
j  org.gradle.initialization.DefaultGradleLauncher$1.run()V+10
j  org.gradle.internal.work.DefaultWorkerLeaseService.withLocks(Ljava/lang/Iterable;Ljava/lang/Runnable;)V+15
j  org.gradle.initialization.DefaultGradleLauncher.doBuild(Lorg/gradle/initialization/DefaultGradleLauncher$Stage;)Lorg/gradle/BuildResult;+42
j  org.gradle.initialization.DefaultGradleLauncher.run()Lorg/gradle/BuildResult;+4
j  org.gradle.internal.invocation.GradleBuildController.run()Lorg/gradle/api/internal/GradleInternal;+40
j  org.gradle.tooling.internal.provider.runner.ClientProvidedBuildActionRunner.run(Lorg/gradle/internal/invocation/BuildAction;Lorg/gradle/internal/invocation/BuildController;)V+76
j  org.gradle.launcher.exec.ChainingBuildActionRunner.run(Lorg/gradle/internal/invocation/BuildAction;Lorg/gradle/internal/invocation/BuildController;)V+34
j  org.gradle.launcher.exec.ChainingBuildActionRunner.run(Lorg/gradle/internal/invocation/BuildAction;Lorg/gradle/internal/invocation/BuildController;)V+34
j  org.gradle.tooling.internal.provider.ValidatingBuildActionRunner.run(Lorg/gradle/internal/invocation/BuildAction;Lorg/gradle/internal/invocation/BuildController;)V+6
j  org.gradle.launcher.exec.RunAsBuildOperationBuildActionRunner$1.run(Lorg/gradle/internal/operations/BuildOperationContext;)V+15
J 12743 C2 org.gradle.internal.progress.DefaultBuildOperationExecutor.execute(Lorg/gradle/internal/operations/BuildOperation;Lorg/gradle/internal/operations/BuildOperationWorker;Lorg/gradle/internal/progress/DefaultBuildOperationExecutor$DefaultBuildOperationState;)V (430 bytes) @ 0x0000000119b1e5c4 [0x0000000119b1d4a0+0x1124]
J 12319 C1 org.gradle.internal.progress.DefaultBuildOperationExecutor.run(Lorg/gradle/internal/operations/RunnableBuildOperation;)V (38 bytes) @ 0x0000000119a96d1c [0x0000000119a969e0+0x33c]
j  org.gradle.launcher.exec.RunAsBuildOperationBuildActionRunner.run(Lorg/gradle/internal/invocation/BuildAction;Lorg/gradle/internal/invocation/BuildController;)V+34
j  org.gradle.tooling.internal.provider.SubscribableBuildActionRunner.run(Lorg/gradle/internal/invocation/BuildAction;Lorg/gradle/internal/invocation/BuildController;)V+40
j  org.gradle.launcher.exec.InProcessBuildActionExecuter.execute(Lorg/gradle/internal/invocation/BuildAction;Lorg/gradle/initialization/BuildRequestContext;Lorg/gradle/launcher/exec/BuildActionParameters;Lorg/gradle/internal/service/ServiceRegistry;)Ljava/lang/Object;+71
j  org.gradle.launcher.exec.InProcessBuildActionExecuter.execute(Lorg/gradle/internal/invocation/BuildAction;Lorg/gradle/initialization/BuildRequestContext;Ljava/lang/Object;Lorg/gradle/internal/service/ServiceRegistry;)Ljava/lang/Object;+9
j  org.gradle.launcher.exec.BuildTreeScopeBuildActionExecuter.execute(Lorg/gradle/internal/invocation/BuildAction;Lorg/gradle/initialization/BuildRequestContext;Lorg/gradle/launcher/exec/BuildActionParameters;Lorg/gradle/internal/service/ServiceRegistry;)Ljava/lang/Object;+41
j  org.gradle.launcher.exec.BuildTreeScopeBuildActionExecuter.execute(Lorg/gradle/internal/invocation/BuildAction;Lorg/gradle/initialization/BuildRequestContext;Ljava/lang/Object;Lorg/gradle/internal/service/ServiceRegistry;)Ljava/lang/Object;+9
j  org.gradle.tooling.internal.provider.ContinuousBuildActionExecuter.execute(Lorg/gradle/internal/invocation/BuildAction;Lorg/gradle/initialization/BuildRequestContext;Lorg/gradle/launcher/exec/BuildActionParameters;Lorg/gradle/internal/service/ServiceRegistry;)Ljava/lang/Object;+28
j  org.gradle.tooling.internal.provider.ContinuousBuildActionExecuter.execute(Lorg/gradle/internal/invocation/BuildAction;Lorg/gradle/initialization/BuildRequestContext;Ljava/lang/Object;Lorg/gradle/internal/service/ServiceRegistry;)Ljava/lang/Object;+9
j  org.gradle.tooling.internal.provider.ServicesSetupBuildActionExecuter.execute(Lorg/gradle/internal/invocation/BuildAction;Lorg/gradle/initialization/BuildRequestContext;Lorg/gradle/launcher/exec/BuildActionParameters;Lorg/gradle/internal/service/ServiceRegistry;)Ljava/lang/Object;+85
j  org.gradle.tooling.internal.provider.ServicesSetupBuildActionExecuter.execute(Lorg/gradle/internal/invocation/BuildAction;Lorg/gradle/initialization/BuildRequestContext;Ljava/lang/Object;Lorg/gradle/internal/service/ServiceRegistry;)Ljava/lang/Object;+9
j  org.gradle.tooling.internal.provider.GradleThreadBuildActionExecuter.execute(Lorg/gradle/internal/invocation/BuildAction;Lorg/gradle/initialization/BuildRequestContext;Lorg/gradle/launcher/exec/BuildActionParameters;Lorg/gradle/internal/service/ServiceRegistry;)Ljava/lang/Object;+12
j  org.gradle.tooling.internal.provider.GradleThreadBuildActionExecuter.execute(Lorg/gradle/internal/invocation/BuildAction;Lorg/gradle/initialization/BuildRequestContext;Ljava/lang/Object;Lorg/gradle/internal/service/ServiceRegistry;)Ljava/lang/Object;+9
j  org.gradle.tooling.internal.provider.ParallelismConfigurationBuildActionExecuter.execute(Lorg/gradle/internal/invocation/BuildAction;Lorg/gradle/initialization/BuildRequestContext;Lorg/gradle/launcher/exec/BuildActionParameters;Lorg/gradle/internal/service/ServiceRegistry;)Ljava/lang/Object;+43
j  org.gradle.tooling.internal.provider.ParallelismConfigurationBuildActionExecuter.execute(Lorg/gradle/internal/invocation/BuildAction;Lorg/gradle/initialization/BuildRequestContext;Ljava/lang/Object;Lorg/gradle/internal/service/ServiceRegistry;)Ljava/lang/Object;+9
j  org.gradle.tooling.internal.provider.StartParamsValidatingActionExecuter.execute(Lorg/gradle/internal/invocation/BuildAction;Lorg/gradle/initialization/BuildRequestContext;Lorg/gradle/launcher/exec/BuildActionParameters;Lorg/gradle/internal/service/ServiceRegistry;)Ljava/lang/Object;+257
j  org.gradle.tooling.internal.provider.StartParamsValidatingActionExecuter.execute(Lorg/gradle/internal/invocation/BuildAction;Lorg/gradle/initialization/BuildRequestContext;Ljava/lang/Object;Lorg/gradle/internal/service/ServiceRegistry;)Ljava/lang/Object;+9
j  org.gradle.tooling.internal.provider.SessionFailureReportingActionExecuter.execute(Lorg/gradle/internal/invocation/BuildAction;Lorg/gradle/initialization/BuildRequestContext;Lorg/gradle/launcher/exec/BuildActionParameters;Lorg/gradle/internal/service/ServiceRegistry;)Ljava/lang/Object;+9
j  org.gradle.tooling.internal.provider.SessionFailureReportingActionExecuter.execute(Lorg/gradle/internal/invocation/BuildAction;Lorg/gradle/initialization/BuildRequestContext;Ljava/lang/Object;Lorg/gradle/internal/service/ServiceRegistry;)Ljava/lang/Object;+9
j  org.gradle.tooling.internal.provider.SetupLoggingActionExecuter.execute(Lorg/gradle/internal/invocation/BuildAction;Lorg/gradle/initialization/BuildRequestContext;Lorg/gradle/launcher/exec/BuildActionParameters;Lorg/gradle/internal/service/ServiceRegistry;)Ljava/lang/Object;+69
j  org.gradle.tooling.internal.provider.SetupLoggingActionExecuter.execute(Lorg/gradle/internal/invocation/BuildAction;Lorg/gradle/initialization/BuildRequestContext;Ljava/lang/Object;Lorg/gradle/internal/service/ServiceRegistry;)Ljava/lang/Object;+9
j  org.gradle.launcher.daemon.server.exec.ExecuteBuild.doBuild(Lorg/gradle/launcher/daemon/server/api/DaemonCommandExecution;Lorg/gradle/launcher/daemon/protocol/Build;)V+114
j  org.gradle.launcher.daemon.server.exec.BuildCommandOnly.execute(Lorg/gradle/launcher/daemon/server/api/DaemonCommandExecution;)V+49
j  org.gradle.launcher.daemon.server.api.DaemonCommandExecution.proceed()Z+28
j  org.gradle.launcher.daemon.server.exec.WatchForDisconnection.execute(Lorg/gradle/launcher/daemon/server/api/DaemonCommandExecution;)V+19
j  org.gradle.launcher.daemon.server.api.DaemonCommandExecution.proceed()Z+28
j  org.gradle.launcher.daemon.server.exec.ResetDeprecationLogger.execute(Lorg/gradle/launcher/daemon/server/api/DaemonCommandExecution;)V+4
j  org.gradle.launcher.daemon.server.api.DaemonCommandExecution.proceed()Z+28
j  org.gradle.launcher.daemon.server.exec.RequestStopIfSingleUsedDaemon.execute(Lorg/gradle/launcher/daemon/server/api/DaemonCommandExecution;)V+33
j  org.gradle.launcher.daemon.server.api.DaemonCommandExecution.proceed()Z+28
j  org.gradle.launcher.daemon.server.exec.ForwardClientInput$2.call()Ljava/lang/Void;+4
j  org.gradle.launcher.daemon.server.exec.ForwardClientInput$2.call()Ljava/lang/Object;+1
j  org.gradle.util.Swapper.swap(Ljava/lang/Object;Ljava/util/concurrent/Callable;)Ljava/lang/Object;+21
j  org.gradle.launcher.daemon.server.exec.ForwardClientInput.execute(Lorg/gradle/launcher/daemon/server/api/DaemonCommandExecution;)V+63
j  org.gradle.launcher.daemon.server.api.DaemonCommandExecution.proceed()Z+28
j  org.gradle.launcher.daemon.server.exec.LogAndCheckHealth.execute(Lorg/gradle/launcher/daemon/server/api/DaemonCommandExecution;)V+28
j  org.gradle.launcher.daemon.server.api.DaemonCommandExecution.proceed()Z+28
j  org.gradle.launcher.daemon.server.exec.LogToClient.doBuild(Lorg/gradle/launcher/daemon/server/api/DaemonCommandExecution;Lorg/gradle/launcher/daemon/protocol/Build;)V+87
j  org.gradle.launcher.daemon.server.exec.BuildCommandOnly.execute(Lorg/gradle/launcher/daemon/server/api/DaemonCommandExecution;)V+49
j  org.gradle.launcher.daemon.server.api.DaemonCommandExecution.proceed()Z+28
j  org.gradle.launcher.daemon.server.exec.EstablishBuildEnvironment.doBuild(Lorg/gradle/launcher/daemon/server/api/DaemonCommandExecution;Lorg/gradle/launcher/daemon/protocol/Build;)V+365
j  org.gradle.launcher.daemon.server.exec.BuildCommandOnly.execute(Lorg/gradle/launcher/daemon/server/api/DaemonCommandExecution;)V+49
j  org.gradle.launcher.daemon.server.api.DaemonCommandExecution.proceed()Z+28
j  org.gradle.launcher.daemon.server.exec.StartBuildOrRespondWithBusy$1.run()V+44
j  org.gradle.launcher.daemon.server.DaemonStateCoordinator$1.run()V+4
J 12303 C1 org.gradle.internal.concurrent.ManagedExecutorImpl$1.run()V (57 bytes) @ 0x0000000119a878a4 [0x0000000119a87380+0x524]
j  java.util.concurrent.ThreadPoolExecutor.runWorker(Ljava/util/concurrent/ThreadPoolExecutor$Worker;)V+95
j  java.util.concurrent.ThreadPoolExecutor$Worker.run()V+5
j  org.gradle.internal.concurrent.ThreadFactoryImpl$ManagedThreadRunnable.run()V+7
j  java.lang.Thread.run()V+11
v  ~StubRoutines::call_stub

---------------  P R O C E S S  ---------------

Java Threads: ( => current thread )
  0x00007f9f00a61800 JavaThread "Thread-47" [_thread_in_native, id=30471, stack(0x000070000801b000,0x000070000811b000)]
  0x00007f9f00db2000 JavaThread "process reaper" daemon [_thread_in_native, id=31495, stack(0x0000700005923000,0x000070000594b000)]
  0x00007f9efe233800 JavaThread "Task worker for ':' Thread 3" [_thread_blocked, id=30983, stack(0x0000700007f18000,0x0000700008018000)]
  0x00007f9efe5df000 JavaThread "Task worker for ':' Thread 2" [_thread_blocked, id=23823, stack(0x0000700007e15000,0x0000700007f15000)]
  0x00007f9efad10000 JavaThread "Task worker for ':'" [_thread_blocked, id=28935, stack(0x0000700007d12000,0x0000700007e12000)]
  0x00007f9efe7e3800 JavaThread "Cache worker for task history cache (/Users/Thierry/Code/Android/Douban/.gradle/4.1-milestone-1/taskHistory)" [_thread_blocked, id=29447, stack(0x0000700007c0f000,0x0000700007d0f000)]
  0x00007f9eff262000 JavaThread "Cache worker for file content cache (/Users/Thierry/Code/Android/Douban/.gradle/4.1-milestone-1/fileContent)" [_thread_blocked, id=28423, stack(0x0000700007b0c000,0x0000700007c0c000)]
  0x00007f9efc113000 JavaThread "build operations Thread 4" [_thread_blocked, id=27911, stack(0x0000700007803000,0x0000700007903000)]
  0x00007f9f00b38800 JavaThread "build operations Thread 3" [_thread_blocked, id=22283, stack(0x0000700007700000,0x0000700007800000)]
  0x00007f9efbf03800 JavaThread "build operations Thread 2" [_thread_blocked, id=26123, stack(0x00007000075fd000,0x00007000076fd000)]
  0x00007f9efb65d800 JavaThread "build operations" [_thread_blocked, id=25867, stack(0x00007000074fa000,0x00007000075fa000)]
  0x00007f9f00629000 JavaThread "Cache worker for Artifact transforms cache (/Users/Thierry/.gradle/caches/transforms-1)" [_thread_blocked, id=24843, stack(0x00007000073f7000,0x00007000074f7000)]
  0x00007f9efb22c800 JavaThread "Cache worker for file hash cache (/Users/Thierry/Code/Android/Douban/.gradle/4.1-milestone-1/fileHashes)" [_thread_blocked, id=26379, stack(0x00007000072f4000,0x00007000073f4000)]
  0x00007f9efaff2800 JavaThread "Stdin handler" [_thread_blocked, id=24331, stack(0x0000700006feb000,0x00007000070eb000)]
  0x00007f9eff2ad800 JavaThread "Asynchronous log dispatcher for DefaultDaemonConnection: socket connection from /127.0.0.1:50531 to /127.0.0.1:50750" [_thread_blocked, id=21771, stack(0x0000700006ee8000,0x0000700006fe8000)]
=>0x00007f9eff2f0000 JavaThread "Daemon worker Thread 2" [_thread_in_vm, id=5135, stack(0x0000700006de5000,0x0000700006ee5000)]
  0x00007f9efe5db000 JavaThread "Cancel handler" [_thread_blocked, id=21259, stack(0x0000700006ce2000,0x0000700006de2000)]
  0x00007f9efbdf7800 JavaThread "Handler for socket connection from /127.0.0.1:50531 to /127.0.0.1:50750" [_thread_in_native, id=4107, stack(0x0000700006bdf000,0x0000700006cdf000)]
  0x00007f9f0022a000 JavaThread "Daemon Thread 2" [_thread_blocked, id=20231, stack(0x00007000069d9000,0x0000700006ad9000)]
  0x00007f9efc9b7800 JavaThread "Memory manager" [_thread_blocked, id=27395, stack(0x0000700007a09000,0x0000700007b09000)]
  0x00007f9eff30f000 JavaThread "pool-1-thread-1" [_thread_blocked, id=26883, stack(0x0000700007906000,0x0000700007a06000)]
  0x00007f9efa9b2800 JavaThread "File lock request listener" [_thread_in_native, id=23299, stack(0x00007000071f1000,0x00007000072f1000)]
  0x00007f9efb8d1800 JavaThread "Cache worker for file hash cache (/Users/Thierry/.gradle/caches/4.1-milestone-1/fileHashes)" [_thread_blocked, id=22787, stack(0x00007000070ee000,0x00007000071ee000)]
  0x00007f9efc0a0000 JavaThread "Daemon periodic checks" [_thread_blocked, id=20739, stack(0x0000700006adc000,0x0000700006bdc000)]
  0x00007f9efabb3800 JavaThread "Incoming local TCP Connector on port 50531" [_thread_in_native, id=19715, stack(0x00007000068d6000,0x00007000069d6000)]
  0x00007f9efc026800 JavaThread "Service Thread" daemon [_thread_blocked, id=18691, stack(0x00007000066d0000,0x00007000067d0000)]
  0x00007f9efb01f000 JavaThread "C1 CompilerThread2" daemon [_thread_blocked, id=18179, stack(0x00007000065cd000,0x00007000066cd000)]
  0x00007f9efb81c800 JavaThread "C2 CompilerThread1" daemon [_thread_blocked, id=17667, stack(0x00007000064ca000,0x00007000065ca000)]
  0x00007f9efa800800 JavaThread "C2 CompilerThread0" daemon [_thread_blocked, id=17155, stack(0x00007000063c7000,0x00007000064c7000)]
  0x00007f9efb01e800 JavaThread "Signal Dispatcher" daemon [_thread_blocked, id=16643, stack(0x00007000062c4000,0x00007000063c4000)]
  0x00007f9efa802800 JavaThread "Finalizer" daemon [_thread_blocked, id=12547, stack(0x00007000061c1000,0x00007000062c1000)]
  0x00007f9efb019000 JavaThread "Reference Handler" daemon [_thread_blocked, id=12035, stack(0x00007000060be000,0x00007000061be000)]
  0x00007f9efb008800 JavaThread "main" [_thread_blocked, id=7171, stack(0x0000700005aac000,0x0000700005bac000)]

Other Threads:
  0x00007f9efb808000 VMThread [stack: 0x0000700005fbb000,0x00007000060bb000] [id=11523]
  0x00007f9efb02a800 WatcherThread [stack: 0x00007000067d3000,0x00007000068d3000] [id=19203]

VM state:not at safepoint (normal execution)

VM Mutex/Monitor currently owned by a thread: None

Heap:
 PSYoungGen      total 197120K, used 14140K [0x00000007a0000000, 0x00000007add80000, 0x00000007c0000000)
  eden space 176640K, 2% used [0x00000007a0000000,0x00000007a04aefd0,0x00000007aac80000)
  from space 20480K, 45% used [0x00000007ac980000,0x00000007ad2a00d0,0x00000007add80000)
  to   space 25088K, 0% used [0x00000007aac80000,0x00000007aac80000,0x00000007ac500000)
 ParOldGen       total 95232K, used 65769K [0x0000000760000000, 0x0000000765d00000, 0x00000007a0000000)
  object space 95232K, 69% used [0x0000000760000000,0x000000076403a7e0,0x0000000765d00000)
 Metaspace       used 76716K, capacity 80326K, committed 80600K, reserved 1118208K
  class space    used 10008K, capacity 10882K, committed 11008K, reserved 1048576K

Card table byte_map: [0x0000000109e6b000,0x000000010a16c000] byte_map_base: 0x000000010636b000

Marking Bits: (ParMarkBitMap*) 0x00000001097f6008
 Begin Bits: [0x000000010a36c000, 0x000000010bb6c000)
 End Bits:   [0x000000010bb6c000, 0x000000010d36c000)

Polling page: 0x00000001087ff000

CodeCache: size=245760Kb used=37560Kb max_used=37581Kb free=208199Kb
 bounds [0x00000001177f0000, 0x0000000119ce0000, 0x00000001267f0000]
 total_blobs=11915 nmethods=11067 adapters=760
 compilation: enabled

Compilation events (10 events):
Event: 368.747 Thread 0x00007f9efb01f000 13624 %     3       org.jetbrains.kotlin.com.intellij.openapi.util.text.StringUtil::replace @ 178 (317 bytes)
Event: 368.751 Thread 0x00007f9efb01f000 nmethod 13624% 0x0000000119cd01d0 code [0x0000000119cd07a0, 0x0000000119cd4aa8]
Event: 368.751 Thread 0x00007f9efb01f000 13625 %     3       org.jetbrains.kotlin.com.intellij.openapi.util.text.StringUtil::replace @ 166 (317 bytes)
Event: 368.757 Thread 0x00007f9efb01f000 nmethod 13625% 0x0000000119cd7690 code [0x0000000119cd7c60, 0x0000000119cdbf48]
Event: 369.001 Thread 0x00007f9efb81c800 13626       4       com.google.common.collect.MapMakerInternalMap::putIfAbsent (29 bytes)
Event: 369.008 Thread 0x00007f9efb81c800 nmethod 13626 0x0000000119ccad10 code [0x0000000119ccaea0, 0x0000000119ccb188]
Event: 369.270 Thread 0x00007f9efb01f000 13627       3       java.lang.Long::numberOfLeadingZeros (94 bytes)
Event: 369.271 Thread 0x00007f9efb01f000 nmethod 13627 0x0000000119ccc590 code [0x0000000119ccc700, 0x0000000119ccca10]
Event: 370.156 Thread 0x00007f9efb01f000 13628       3       java.lang.invoke.MethodHandles$Lookup::findBoundCallerClass (36 bytes)
Event: 370.157 Thread 0x00007f9efb01f000 nmethod 13628 0x0000000119ccb710 code [0x0000000119ccb900, 0x0000000119ccc258]

GC Heap History (10 events):
Event: 84.819 GC heap before
{Heap before GC invocations=25 (full 3):
 PSYoungGen      total 128000K, used 120668K [0x00000007a0000000, 0x00000007aaf80000, 0x00000007c0000000)
  eden space 107008K, 100% used [0x00000007a0000000,0x00000007a6880000,0x00000007a6880000)
  from space 20992K, 65% used [0x00000007a6880000,0x00000007a75d71d0,0x00000007a7d00000)
  to   space 22016K, 0% used [0x00000007a9a00000,0x00000007a9a00000,0x00000007aaf80000)
 ParOldGen       total 95232K, used 32767K [0x0000000760000000, 0x0000000765d00000, 0x00000007a0000000)
  object space 95232K, 34% used [0x0000000760000000,0x0000000761fffe80,0x0000000765d00000)
 Metaspace       used 63178K, capacity 65564K, committed 65624K, reserved 1105920K
  class space    used 8452K, capacity 9050K, committed 9088K, reserved 1048576K
Event: 84.880 GC heap after
Heap after GC invocations=25 (full 3):
 PSYoungGen      total 153600K, used 22010K [0x00000007a0000000, 0x00000007ab580000, 0x00000007c0000000)
  eden space 131584K, 0% used [0x00000007a0000000,0x00000007a0000000,0x00000007a8080000)
  from space 22016K, 99% used [0x00000007a9a00000,0x00000007aaf7e930,0x00000007aaf80000)
  to   space 26112K, 0% used [0x00000007a8080000,0x00000007a8080000,0x00000007a9a00000)
 ParOldGen       total 95232K, used 34950K [0x0000000760000000, 0x0000000765d00000, 0x00000007a0000000)
  object space 95232K, 36% used [0x0000000760000000,0x00000007622218f0,0x0000000765d00000)
 Metaspace       used 63178K, capacity 65564K, committed 65624K, reserved 1105920K
  class space    used 8452K, capacity 9050K, committed 9088K, reserved 1048576K
}
Event: 100.468 GC heap before
{Heap before GC invocations=26 (full 3):
 PSYoungGen      total 153600K, used 153594K [0x00000007a0000000, 0x00000007ab580000, 0x00000007c0000000)
  eden space 131584K, 100% used [0x00000007a0000000,0x00000007a8080000,0x00000007a8080000)
  from space 22016K, 99% used [0x00000007a9a00000,0x00000007aaf7e930,0x00000007aaf80000)
  to   space 26112K, 0% used [0x00000007a8080000,0x00000007a8080000,0x00000007a9a00000)
 ParOldGen       total 95232K, used 34950K [0x0000000760000000, 0x0000000765d00000, 0x00000007a0000000)
  object space 95232K, 36% used [0x0000000760000000,0x00000007622218f0,0x0000000765d00000)
 Metaspace       used 67834K, capacity 70814K, committed 71128K, reserved 1110016K
  class space    used 8880K, capacity 9646K, committed 9728K, reserved 1048576K
Event: 100.521 GC heap after
Heap after GC invocations=26 (full 3):
 PSYoungGen      total 157696K, used 15800K [0x00000007a0000000, 0x00000007ad180000, 0x00000007c0000000)
  eden space 131584K, 0% used [0x00000007a0000000,0x00000007a0000000,0x00000007a8080000)
  from space 26112K, 60% used [0x00000007a8080000,0x00000007a8fee290,0x00000007a9a00000)
  to   space 26624K, 0% used [0x00000007ab780000,0x00000007ab780000,0x00000007ad180000)
 ParOldGen       total 95232K, used 47935K [0x0000000760000000, 0x0000000765d00000, 0x00000007a0000000)
  object space 95232K, 50% used [0x0000000760000000,0x0000000762ecff98,0x0000000765d00000)
 Metaspace       used 67834K, capacity 70814K, committed 71128K, reserved 1110016K
  class space    used 8880K, capacity 9646K, committed 9728K, reserved 1048576K
}
Event: 116.985 GC heap before
{Heap before GC invocations=27 (full 3):
 PSYoungGen      total 157696K, used 147384K [0x00000007a0000000, 0x00000007ad180000, 0x00000007c0000000)
  eden space 131584K, 100% used [0x00000007a0000000,0x00000007a8080000,0x00000007a8080000)
  from space 26112K, 60% used [0x00000007a8080000,0x00000007a8fee290,0x00000007a9a00000)
  to   space 26624K, 0% used [0x00000007ab780000,0x00000007ab780000,0x00000007ad180000)
 ParOldGen       total 95232K, used 47935K [0x0000000760000000, 0x0000000765d00000, 0x00000007a0000000)
  object space 95232K, 50% used [0x0000000760000000,0x0000000762ecff98,0x0000000765d00000)
 Metaspace       used 70246K, capacity 73272K, committed 73432K, reserved 1112064K
  class space    used 9155K, capacity 9903K, committed 9984K, reserved 1048576K
Event: 117.044 GC heap after
Heap after GC invocations=27 (full 3):
 PSYoungGen      total 182784K, used 15114K [0x00000007a0000000, 0x00000007acf00000, 0x00000007c0000000)
  eden space 158720K, 0% used [0x00000007a0000000,0x00000007a0000000,0x00000007a9b00000)
  from space 24064K, 62% used [0x00000007ab780000,0x00000007ac6428c0,0x00000007acf00000)
  to   space 26624K, 0% used [0x00000007a9b00000,0x00000007a9b00000,0x00000007ab500000)
 ParOldGen       total 95232K, used 60421K [0x0000000760000000, 0x0000000765d00000, 0x00000007a0000000)
  object space 95232K, 63% used [0x0000000760000000,0x0000000763b016c0,0x0000000765d00000)
 Metaspace       used 70246K, capacity 73272K, committed 73432K, reserved 1112064K
  class space    used 9155K, capacity 9903K, committed 9984K, reserved 1048576K
}
Event: 203.070 GC heap before
{Heap before GC invocations=28 (full 3):
 PSYoungGen      total 182784K, used 173834K [0x00000007a0000000, 0x00000007acf00000, 0x00000007c0000000)
  eden space 158720K, 100% used [0x00000007a0000000,0x00000007a9b00000,0x00000007a9b00000)
  from space 24064K, 62% used [0x00000007ab780000,0x00000007ac6428c0,0x00000007acf00000)
  to   space 26624K, 0% used [0x00000007a9b00000,0x00000007a9b00000,0x00000007ab500000)
 ParOldGen       total 95232K, used 60421K [0x0000000760000000, 0x0000000765d00000, 0x00000007a0000000)
  object space 95232K, 63% used [0x0000000760000000,0x0000000763b016c0,0x0000000765d00000)
 Metaspace       used 74141K, capacity 77324K, committed 77528K, reserved 1116160K
  class space    used 9660K, capacity 10433K, committed 10496K, reserved 1048576K
Event: 203.109 GC heap after
Heap after GC invocations=28 (full 3):
 PSYoungGen      total 185344K, used 5055K [0x00000007a0000000, 0x00000007ae300000, 0x00000007c0000000)
  eden space 158720K, 0% used [0x00000007a0000000,0x00000007a0000000,0x00000007a9b00000)
  from space 26624K, 18% used [0x00000007a9b00000,0x00000007a9feff28,0x00000007ab500000)
  to   space 26112K, 0% used [0x00000007ac980000,0x00000007ac980000,0x00000007ae300000)
 ParOldGen       total 95232K, used 65761K [0x0000000760000000, 0x0000000765d00000, 0x00000007a0000000)
  object space 95232K, 69% used [0x0000000760000000,0x00000007640387e0,0x0000000765d00000)
 Metaspace       used 74141K, capacity 77324K, committed 77528K, reserved 1116160K
  class space    used 9660K, capacity 10433K, committed 10496K, reserved 1048576K
}
Event: 369.056 GC heap before
{Heap before GC invocations=29 (full 3):
 PSYoungGen      total 185344K, used 163775K [0x00000007a0000000, 0x00000007ae300000, 0x00000007c0000000)
  eden space 158720K, 100% used [0x00000007a0000000,0x00000007a9b00000,0x00000007a9b00000)
  from space 26624K, 18% used [0x00000007a9b00000,0x00000007a9feff28,0x00000007ab500000)
  to   space 26112K, 0% used [0x00000007ac980000,0x00000007ac980000,0x00000007ae300000)
 ParOldGen       total 95232K, used 65761K [0x0000000760000000, 0x0000000765d00000, 0x00000007a0000000)
  object space 95232K, 69% used [0x0000000760000000,0x00000007640387e0,0x0000000765d00000)
 Metaspace       used 76285K, capacity 79938K, committed 80216K, reserved 1118208K
  class space    used 9927K, capacity 10778K, committed 10880K, reserved 1048576K
Event: 369.089 GC heap after
Heap after GC invocations=29 (full 3):
 PSYoungGen      total 197120K, used 9344K [0x00000007a0000000, 0x00000007add80000, 0x00000007c0000000)
  eden space 176640K, 0% used [0x00000007a0000000,0x00000007a0000000,0x00000007aac80000)
  from space 20480K, 45% used [0x00000007ac980000,0x00000007ad2a00d0,0x00000007add80000)
  to   space 25088K, 0% used [0x00000007aac80000,0x00000007aac80000,0x00000007ac500000)
 ParOldGen       total 95232K, used 65769K [0x0000000760000000, 0x0000000765d00000, 0x00000007a0000000)
  object space 95232K, 69% used [0x0000000760000000,0x000000076403a7e0,0x0000000765d00000)
 Metaspace       used 76285K, capacity 79938K, committed 80216K, reserved 1118208K
  class space    used 9927K, capacity 10778K, committed 10880K, reserved 1048576K
}

Deoptimization events (10 events):
Event: 356.447 Thread 0x00007f9efad10000 Uncommon trap: reason=class_check action=maybe_recompile pc=0x0000000119a57904 method=java.util.regex.Pattern$CharProperty$1.isSatisfiedBy(I)Z @ 5
Event: 356.447 Thread 0x00007f9efad10000 Uncommon trap: reason=class_check action=maybe_recompile pc=0x0000000119a57904 method=java.util.regex.Pattern$CharProperty$1.isSatisfiedBy(I)Z @ 5
Event: 356.447 Thread 0x00007f9efad10000 Uncommon trap: reason=class_check action=maybe_recompile pc=0x0000000119a57904 method=java.util.regex.Pattern$CharProperty$1.isSatisfiedBy(I)Z @ 5
Event: 356.778 Thread 0x00007f9efad10000 Uncommon trap: reason=null_check action=make_not_entrant pc=0x0000000119c0a68c method=com.sun.org.apache.xerces.internal.dom.NamedNodeMapImpl.findNamePoint(Ljava/lang/String;Ljava/lang/String;)I @ 105
Event: 357.085 Thread 0x00007f9efad10000 Uncommon trap: reason=bimorphic action=maybe_recompile pc=0x0000000119a680d4 method=com.sun.org.apache.xerces.internal.dom.ElementImpl.getNodeName()Ljava/lang/String; @ 8
Event: 357.086 Thread 0x00007f9efad10000 Uncommon trap: reason=class_check action=maybe_recompile pc=0x0000000118a98bbc method=com.sun.org.apache.xerces.internal.dom.AttrImpl.getOwnerElement()Lorg/w3c/dom/Element; @ 18
Event: 365.920 Thread 0x00007f9eff2f0000 Uncommon trap: reason=class_check action=maybe_recompile pc=0x000000011804ac70 method=com.google.common.collect.ImmutableMap.entrySet()Lcom/google/common/collect/ImmutableSet; @ 11
Event: 365.959 Thread 0x00007f9eff2f0000 Uncommon trap: reason=class_check action=maybe_recompile pc=0x000000011804ac70 method=com.google.common.collect.ImmutableMap.entrySet()Lcom/google/common/collect/ImmutableSet; @ 11
Event: 366.515 Thread 0x00007f9eff2f0000 Uncommon trap: reason=unstable_if action=reinterpret pc=0x0000000119917f7c method=org.gradle.api.internal.file.pattern.PatternMatcherFactory$PathMatcherBackedSpec.isSatisfiedBy(Lorg/gradle/api/file/RelativePath;)Z @ 11
Event: 367.750 Thread 0x00007f9eff2f0000 Uncommon trap: reason=unstable_if action=reinterpret pc=0x0000000117ccf5cc method=java.lang.Integer.parseInt(Ljava/lang/String;I)I @ 1

Classes redefined (0 events):
No events

Internal exceptions (10 events):
Event: 347.499 Thread 0x00007f9eff2f0000 Exception <a 'java/lang/NoSuchMethodError': <clinit>> (0x00000007a1cabdd8) thrown at [/Volumes/android/AOSP-openjdk-git/jdk8u/hotspot/src/share/vm/prims/jni.cpp, line 1613]
Event: 347.499 Thread 0x00007f9eff2f0000 Exception <a 'java/lang/NoSuchMethodError': <clinit>> (0x00000007a1cafa30) thrown at [/Volumes/android/AOSP-openjdk-git/jdk8u/hotspot/src/share/vm/prims/jni.cpp, line 1613]
Event: 347.499 Thread 0x00007f9eff2f0000 Exception <a 'java/lang/NoSuchMethodError': <clinit>> (0x00000007a1cb1538) thrown at [/Volumes/android/AOSP-openjdk-git/jdk8u/hotspot/src/share/vm/prims/jni.cpp, line 1613]
Event: 347.998 Thread 0x00007f9eff2f0000 Exception <a 'java/lang/ClassNotFoundException': sync_local_repo2_ectss8pqtgovwctcy1zfjf8x2BeanInfo> (0x00000007a1d2cbd8) thrown at [/Volumes/android/AOSP-openjdk-git/jdk8u/hotspot/src/share/vm/classfile/systemDictionary.cpp, line 210]
Event: 347.998 Thread 0x00007f9eff2f0000 Exception <a 'java/lang/ClassNotFoundException': sync_local_repo2_ectss8pqtgovwctcy1zfjf8x2Customizer> (0x00000007a1d37380) thrown at [/Volumes/android/AOSP-openjdk-git/jdk8u/hotspot/src/share/vm/classfile/systemDictionary.cpp, line 210]
Event: 352.755 Thread 0x00007f9eff2f0000 Exception <a 'sun/nio/fs/UnixException'> (0x00000007a4dc0d28) thrown at [/Volumes/android/AOSP-openjdk-git/jdk8u/hotspot/src/share/vm/prims/jni.cpp, line 709]
Event: 356.778 Thread 0x00007f9efad10000 Implicit null exception at 0x0000000119c09bb0 to 0x0000000119c0a664
Event: 367.750 Thread 0x00007f9eff2f0000 Implicit null exception at 0x0000000117ccf16f to 0x0000000117ccf5bd
Event: 380.247 Thread 0x00007f9eff2f0000 JVM_StopThread thread JavaThread 0x00007f9f00a61800 as oop 0x00000007a0312d40 [exception 0x0000700006ee04f8]
Event: 380.718 Thread 0x00007f9eff2f0000 Exception <a 'java/lang/NoSuchFieldError': TCSANOW> (0x00000007a03d59c8) thrown at [/Volumes/android/AOSP-openjdk-git/jdk8u/hotspot/src/share/vm/prims/jni.cpp, line 2955]

Events (10 events):
Event: 380.504 loading class org/jetbrains/kotlin/cli/common/messages/XmlMessageRenderer
Event: 380.504 loading class org/jetbrains/kotlin/cli/common/messages/XmlMessageRenderer done
Event: 380.548 loading class org/jetbrains/kotlin/cli/common/messages/MessageRenderer$1
Event: 380.548 loading class org/jetbrains/kotlin/cli/common/messages/MessageRenderer$1 done
Event: 380.549 loading class org/jetbrains/kotlin/cli/common/messages/PlainTextMessageRenderer
Event: 380.549 loading class org/jetbrains/kotlin/cli/common/messages/PlainTextMessageRenderer done
Event: 380.559 loading class org/fusesource/jansi/internal/CLibrary
Event: 380.559 loading class org/fusesource/jansi/internal/CLibrary done
Event: 380.572 loading class org/jetbrains/kotlin/org/fusesource/hawtjni/runtime/Library
Event: 380.572 loading class org/jetbrains/kotlin/org/fusesource/hawtjni/runtime/Library done


Dynamic libraries:
0x0000000019ccb000 	/System/Library/Frameworks/Cocoa.framework/Versions/A/Cocoa
0x0000000019ccb000 	/System/Library/Frameworks/Security.framework/Versions/A/Security
0x0000000019ccb000 	/System/Library/Frameworks/ApplicationServices.framework/Versions/A/ApplicationServices
0x0000000019ccb000 	/usr/lib/libz.1.dylib
0x0000000019ccb000 	/usr/lib/libSystem.B.dylib
0x0000000019ccb000 	/System/Library/Frameworks/CoreFoundation.framework/Versions/A/CoreFoundation
0x0000000019ccb000 	/System/Library/Frameworks/Foundation.framework/Versions/C/Foundation
0x0000000019ccb000 	/usr/lib/libobjc.A.dylib
0x0000000019ccb000 	/System/Library/Frameworks/AppKit.framework/Versions/C/AppKit
0x0000000019ccb000 	/System/Library/Frameworks/CoreData.framework/Versions/A/CoreData
0x0000000019ccb000 	/System/Library/PrivateFrameworks/RemoteViewServices.framework/Versions/A/RemoteViewServices
0x0000000019ccb000 	/System/Library/PrivateFrameworks/UIFoundation.framework/Versions/A/UIFoundation
0x0000000019ccb000 	/System/Library/PrivateFrameworks/DFRFoundation.framework/Versions/A/DFRFoundation
0x0000000019ccb000 	/usr/lib/libenergytrace.dylib
0x0000000019ccb000 	/System/Library/PrivateFrameworks/SkyLight.framework/Versions/A/SkyLight
0x0000000019ccb000 	/System/Library/Frameworks/CoreGraphics.framework/Versions/A/CoreGraphics
0x0000000019ccb000 	/usr/lib/libScreenReader.dylib
0x0000000019ccb000 	/System/Library/Frameworks/Accelerate.framework/Versions/A/Accelerate
0x0000000019ccb000 	/System/Library/Frameworks/IOSurface.framework/Versions/A/IOSurface
0x0000000019ccb000 	/System/Library/Frameworks/AudioToolbox.framework/Versions/A/AudioToolbox
0x0000000019ccb000 	/System/Library/Frameworks/AudioUnit.framework/Versions/A/AudioUnit
0x0000000019ccb000 	/System/Library/PrivateFrameworks/DataDetectorsCore.framework/Versions/A/DataDetectorsCore
0x0000000019ccb000 	/System/Library/PrivateFrameworks/DesktopServicesPriv.framework/Versions/A/DesktopServicesPriv
0x0000000019ccb000 	/System/Library/Frameworks/Carbon.framework/Versions/A/Frameworks/HIToolbox.framework/Versions/A/HIToolbox
0x0000000019ccb000 	/usr/lib/libicucore.A.dylib
0x0000000019ccb000 	/System/Library/Frameworks/QuartzCore.framework/Versions/A/QuartzCore
0x0000000019ccb000 	/System/Library/Frameworks/Carbon.framework/Versions/A/Frameworks/SpeechRecognition.framework/Versions/A/SpeechRecognition
0x0000000019ccb000 	/usr/lib/libauto.dylib
0x0000000019ccb000 	/usr/lib/libxml2.2.dylib
0x0000000019ccb000 	/System/Library/PrivateFrameworks/CoreUI.framework/Versions/A/CoreUI
0x0000000019ccb000 	/System/Library/Frameworks/CoreAudio.framework/Versions/A/CoreAudio
0x0000000019ccb000 	/System/Library/Frameworks/DiskArbitration.framework/Versions/A/DiskArbitration
0x0000000019ccb000 	/usr/lib/liblangid.dylib
0x0000000019ccb000 	/System/Library/PrivateFrameworks/MultitouchSupport.framework/Versions/A/MultitouchSupport
0x0000000019ccb000 	/System/Library/Frameworks/IOKit.framework/Versions/A/IOKit
0x0000000019ccb000 	/usr/lib/libDiagnosticMessagesClient.dylib
0x0000000019ccb000 	/System/Library/Frameworks/CoreServices.framework/Versions/A/CoreServices
0x0000000019ccb000 	/System/Library/PrivateFrameworks/PerformanceAnalysis.framework/Versions/A/PerformanceAnalysis
0x0000000019ccb000 	/System/Library/PrivateFrameworks/GenerationalStorage.framework/Versions/A/GenerationalStorage
0x0000000019ccb000 	/System/Library/Frameworks/OpenGL.framework/Versions/A/OpenGL
0x0000000019ccb000 	/System/Library/Frameworks/CoreImage.framework/Versions/A/CoreImage
0x0000000019ccb000 	/System/Library/Frameworks/CoreText.framework/Versions/A/CoreText
0x0000000019ccb000 	/System/Library/Frameworks/ImageIO.framework/Versions/A/ImageIO
0x0000000019ccb000 	/System/Library/PrivateFrameworks/Backup.framework/Versions/A/Backup
0x0000000019ccb000 	/usr/lib/libarchive.2.dylib
0x0000000019ccb000 	/System/Library/Frameworks/CFNetwork.framework/Versions/A/CFNetwork
0x0000000019ccb000 	/System/Library/Frameworks/SystemConfiguration.framework/Versions/A/SystemConfiguration
0x0000000019ccb000 	/usr/lib/libCRFSuite.dylib
0x0000000019ccb000 	/usr/lib/libc++.1.dylib
0x0000000019ccb000 	/usr/lib/libc++abi.dylib
0x0000000019ccb000 	/usr/lib/system/libcache.dylib
0x0000000019ccb000 	/usr/lib/system/libcommonCrypto.dylib
0x0000000019ccb000 	/usr/lib/system/libcompiler_rt.dylib
0x0000000019ccb000 	/usr/lib/system/libcopyfile.dylib
0x0000000019ccb000 	/usr/lib/system/libcorecrypto.dylib
0x0000000019ccb000 	/usr/lib/system/libdispatch.dylib
0x0000000019ccb000 	/usr/lib/system/libdyld.dylib
0x0000000019ccb000 	/usr/lib/system/libkeymgr.dylib
0x0000000019ccb000 	/usr/lib/system/liblaunch.dylib
0x0000000019ccb000 	/usr/lib/system/libmacho.dylib
0x0000000019ccb000 	/usr/lib/system/libquarantine.dylib
0x0000000019ccb000 	/usr/lib/system/libremovefile.dylib
0x0000000019ccb000 	/usr/lib/system/libsystem_asl.dylib
0x0000000019ccb000 	/usr/lib/system/libsystem_blocks.dylib
0x0000000019ccb000 	/usr/lib/system/libsystem_c.dylib
0x0000000019ccb000 	/usr/lib/system/libsystem_configuration.dylib
0x0000000019ccb000 	/usr/lib/system/libsystem_coreservices.dylib
0x0000000019ccb000 	/usr/lib/system/libsystem_coretls.dylib
0x0000000019ccb000 	/usr/lib/system/libsystem_dnssd.dylib
0x0000000019ccb000 	/usr/lib/system/libsystem_info.dylib
0x0000000019ccb000 	/usr/lib/system/libsystem_kernel.dylib
0x0000000019ccb000 	/usr/lib/system/libsystem_m.dylib
0x0000000019ccb000 	/usr/lib/system/libsystem_malloc.dylib
0x0000000019ccb000 	/usr/lib/system/libsystem_network.dylib
0x0000000019ccb000 	/usr/lib/system/libsystem_networkextension.dylib
0x0000000019ccb000 	/usr/lib/system/libsystem_notify.dylib
0x0000000019ccb000 	/usr/lib/system/libsystem_platform.dylib
0x0000000019ccb000 	/usr/lib/system/libsystem_pthread.dylib
0x0000000019ccb000 	/usr/lib/system/libsystem_sandbox.dylib
0x0000000019ccb000 	/usr/lib/system/libsystem_secinit.dylib
0x0000000019ccb000 	/usr/lib/system/libsystem_symptoms.dylib
0x0000000019ccb000 	/usr/lib/system/libsystem_trace.dylib
0x0000000019ccb000 	/usr/lib/system/libunwind.dylib
0x0000000019ccb000 	/usr/lib/system/libxpc.dylib
0x0000000019ccb000 	/usr/lib/libbsm.0.dylib
0x0000000019ccb000 	/usr/lib/system/libkxld.dylib
0x0000000019ccb000 	/usr/lib/libcoretls.dylib
0x0000000019ccb000 	/usr/lib/libcoretls_cfhelpers.dylib
0x0000000019ccb000 	/usr/lib/libOpenScriptingUtil.dylib
0x0000000019ccb000 	/usr/lib/libpam.2.dylib
0x0000000019ccb000 	/usr/lib/libsqlite3.dylib
0x0000000019ccb000 	/usr/lib/libxar.1.dylib
0x0000000019ccb000 	/usr/lib/libbz2.1.0.dylib
0x0000000019ccb000 	/usr/lib/liblzma.5.dylib
0x0000000019ccb000 	/usr/lib/libnetwork.dylib
0x0000000019ccb000 	/usr/lib/libpcap.A.dylib
0x0000000019ccb000 	/System/Library/Frameworks/CoreServices.framework/Versions/A/Frameworks/FSEvents.framework/Versions/A/FSEvents
0x0000000019ccb000 	/System/Library/Frameworks/CoreServices.framework/Versions/A/Frameworks/CarbonCore.framework/Versions/A/CarbonCore
0x0000000019ccb000 	/System/Library/Frameworks/CoreServices.framework/Versions/A/Frameworks/Metadata.framework/Versions/A/Metadata
0x0000000019ccb000 	/System/Library/Frameworks/CoreServices.framework/Versions/A/Frameworks/OSServices.framework/Versions/A/OSServices
0x0000000019ccb000 	/System/Library/Frameworks/CoreServices.framework/Versions/A/Frameworks/SearchKit.framework/Versions/A/SearchKit
0x0000000019ccb000 	/System/Library/Frameworks/CoreServices.framework/Versions/A/Frameworks/AE.framework/Versions/A/AE
0x0000000019ccb000 	/System/Library/Frameworks/CoreServices.framework/Versions/A/Frameworks/LaunchServices.framework/Versions/A/LaunchServices
0x0000000019ccb000 	/System/Library/Frameworks/CoreServices.framework/Versions/A/Frameworks/DictionaryServices.framework/Versions/A/DictionaryServices
0x0000000019ccb000 	/System/Library/Frameworks/CoreServices.framework/Versions/A/Frameworks/SharedFileList.framework/Versions/A/SharedFileList
0x0000000019ccb000 	/System/Library/Frameworks/NetFS.framework/Versions/A/NetFS
0x0000000019ccb000 	/System/Library/PrivateFrameworks/NetAuth.framework/Versions/A/NetAuth
0x0000000019ccb000 	/System/Library/PrivateFrameworks/login.framework/Versions/A/Frameworks/loginsupport.framework/Versions/A/loginsupport
0x0000000019ccb000 	/System/Library/PrivateFrameworks/TCC.framework/Versions/A/TCC
0x0000000019ccb000 	/usr/lib/libmecabra.dylib
0x0000000019ccb000 	/System/Library/Frameworks/ApplicationServices.framework/Versions/A/Frameworks/ATS.framework/Versions/A/ATS
0x0000000019ccb000 	/System/Library/Frameworks/ApplicationServices.framework/Versions/A/Frameworks/ColorSync.framework/Versions/A/ColorSync
0x0000000019ccb000 	/System/Library/Frameworks/ApplicationServices.framework/Versions/A/Frameworks/HIServices.framework/Versions/A/HIServices
0x0000000019ccb000 	/System/Library/Frameworks/ApplicationServices.framework/Versions/A/Frameworks/LangAnalysis.framework/Versions/A/LangAnalysis
0x0000000019ccb000 	/System/Library/Frameworks/ApplicationServices.framework/Versions/A/Frameworks/PrintCore.framework/Versions/A/PrintCore
0x0000000019ccb000 	/System/Library/Frameworks/ApplicationServices.framework/Versions/A/Frameworks/QD.framework/Versions/A/QD
0x0000000019ccb000 	/System/Library/Frameworks/ApplicationServices.framework/Versions/A/Frameworks/SpeechSynthesis.framework/Versions/A/SpeechSynthesis
0x0000000019ccb000 	/System/Library/Frameworks/Accelerate.framework/Versions/A/Frameworks/vImage.framework/Versions/A/vImage
0x0000000019ccb000 	/System/Library/Frameworks/Accelerate.framework/Versions/A/Frameworks/vecLib.framework/Versions/A/vecLib
0x0000000019ccb000 	/System/Library/Frameworks/Accelerate.framework/Versions/A/Frameworks/vecLib.framework/Versions/A/libvDSP.dylib
0x0000000019ccb000 	/System/Library/Frameworks/Accelerate.framework/Versions/A/Frameworks/vecLib.framework/Versions/A/libBNNS.dylib
0x0000000019ccb000 	/System/Library/Frameworks/Accelerate.framework/Versions/A/Frameworks/vecLib.framework/Versions/A/libQuadrature.dylib
0x0000000019ccb000 	/System/Library/Frameworks/Accelerate.framework/Versions/A/Frameworks/vecLib.framework/Versions/A/libvMisc.dylib
0x0000000019ccb000 	/System/Library/Frameworks/Accelerate.framework/Versions/A/Frameworks/vecLib.framework/Versions/A/libLAPACK.dylib
0x0000000019ccb000 	/System/Library/Frameworks/Accelerate.framework/Versions/A/Frameworks/vecLib.framework/Versions/A/libBLAS.dylib
0x0000000019ccb000 	/System/Library/Frameworks/Accelerate.framework/Versions/A/Frameworks/vecLib.framework/Versions/A/libLinearAlgebra.dylib
0x0000000019ccb000 	/System/Library/Frameworks/Accelerate.framework/Versions/A/Frameworks/vecLib.framework/Versions/A/libSparseBLAS.dylib
0x0000000019ccb000 	/System/Library/Frameworks/ApplicationServices.framework/Versions/A/Frameworks/ATS.framework/Versions/A/Resources/libFontParser.dylib
0x0000000019ccb000 	/System/Library/Frameworks/ApplicationServices.framework/Versions/A/Frameworks/ATS.framework/Versions/A/Resources/libFontRegistry.dylib
0x0000000019ccb000 	/System/Library/Frameworks/ImageIO.framework/Versions/A/Resources/libJPEG.dylib
0x0000000019ccb000 	/System/Library/Frameworks/ImageIO.framework/Versions/A/Resources/libTIFF.dylib
0x0000000019ccb000 	/System/Library/Frameworks/ImageIO.framework/Versions/A/Resources/libPng.dylib
0x0000000019ccb000 	/System/Library/Frameworks/ImageIO.framework/Versions/A/Resources/libGIF.dylib
0x0000000019ccb000 	/System/Library/Frameworks/ImageIO.framework/Versions/A/Resources/libJP2.dylib
0x0000000019ccb000 	/System/Library/Frameworks/ImageIO.framework/Versions/A/Resources/libRadiance.dylib
0x0000000019ccb000 	/usr/lib/libcompression.dylib
0x0000000019ccb000 	/System/Library/PrivateFrameworks/AppleJPEG.framework/Versions/A/AppleJPEG
0x0000000019ccb000 	/usr/lib/libcups.2.dylib
0x0000000019ccb000 	/System/Library/Frameworks/Kerberos.framework/Versions/A/Kerberos
0x0000000019ccb000 	/System/Library/Frameworks/GSS.framework/Versions/A/GSS
0x0000000019ccb000 	/usr/lib/libresolv.9.dylib
0x0000000019ccb000 	/usr/lib/libiconv.2.dylib
0x0000000019ccb000 	/System/Library/PrivateFrameworks/Heimdal.framework/Versions/A/Heimdal
0x0000000019ccb000 	/usr/lib/libheimdal-asn1.dylib
0x0000000019ccb000 	/System/Library/Frameworks/OpenDirectory.framework/Versions/A/OpenDirectory
0x0000000019ccb000 	/System/Library/PrivateFrameworks/CommonAuth.framework/Versions/A/CommonAuth
0x0000000019ccb000 	/System/Library/Frameworks/OpenDirectory.framework/Versions/A/Frameworks/CFOpenDirectory.framework/Versions/A/CFOpenDirectory
0x0000000019ccb000 	/System/Library/Frameworks/SecurityFoundation.framework/Versions/A/SecurityFoundation
0x0000000019ccb000 	/System/Library/PrivateFrameworks/LanguageModeling.framework/Versions/A/LanguageModeling
0x0000000019ccb000 	/usr/lib/libmarisa.dylib
0x0000000019ccb000 	/usr/lib/libChineseTokenizer.dylib
0x0000000019ccb000 	/usr/lib/libcmph.dylib
0x0000000019ccb000 	/System/Library/PrivateFrameworks/CoreEmoji.framework/Versions/A/CoreEmoji
0x0000000019ccb000 	/System/Library/Frameworks/ServiceManagement.framework/Versions/A/ServiceManagement
0x0000000019ccb000 	/usr/lib/libxslt.1.dylib
0x0000000019ccb000 	/System/Library/Frameworks/Carbon.framework/Versions/A/Frameworks/Ink.framework/Versions/A/Ink
0x0000000019ccb000 	/System/Library/PrivateFrameworks/TextureIO.framework/Versions/A/TextureIO
0x0000000019ccb000 	/System/Library/Frameworks/Metal.framework/Versions/A/Metal
0x0000000019ccb000 	/usr/lib/libate.dylib
0x0000000019ccb000 	/System/Library/PrivateFrameworks/GPUCompiler.framework/libmetal_timestamp.dylib
0x0000000019ccb000 	/System/Library/Frameworks/OpenGL.framework/Versions/A/Libraries/libCoreFSCache.dylib
0x0000000019ccb000 	/System/Library/PrivateFrameworks/IOAccelerator.framework/Versions/A/IOAccelerator
0x0000000019ccb000 	/System/Library/Frameworks/CoreVideo.framework/Versions/A/CoreVideo
0x0000000019ccb000 	/usr/lib/libFosl_dynamic.dylib
0x0000000019ccb000 	/System/Library/PrivateFrameworks/MetalPerformanceShaders.framework/Versions/A/MetalPerformanceShaders
0x0000000019ccb000 	/System/Library/PrivateFrameworks/FaceCore.framework/Versions/A/FaceCore
0x0000000019ccb000 	/System/Library/Frameworks/OpenCL.framework/Versions/A/OpenCL
0x0000000019ccb000 	/System/Library/Frameworks/OpenGL.framework/Versions/A/Libraries/libGLU.dylib
0x0000000019ccb000 	/System/Library/Frameworks/OpenGL.framework/Versions/A/Libraries/libGFXShared.dylib
0x0000000019ccb000 	/System/Library/Frameworks/OpenGL.framework/Versions/A/Libraries/libGL.dylib
0x0000000019ccb000 	/System/Library/Frameworks/OpenGL.framework/Versions/A/Libraries/libGLImage.dylib
0x0000000019ccb000 	/System/Library/Frameworks/OpenGL.framework/Versions/A/Libraries/libCVMSPluginSupport.dylib
0x0000000019ccb000 	/System/Library/Frameworks/OpenGL.framework/Versions/A/Libraries/libCoreVMClient.dylib
0x0000000019ccb000 	/System/Library/PrivateFrameworks/CrashReporterSupport.framework/Versions/A/CrashReporterSupport
0x0000000019ccb000 	/System/Library/PrivateFrameworks/Sharing.framework/Versions/A/Sharing
0x0000000019ccb000 	/System/Library/PrivateFrameworks/IconServices.framework/Versions/A/IconServices
0x0000000019ccb000 	/System/Library/PrivateFrameworks/ProtocolBuffer.framework/Versions/A/ProtocolBuffer
0x0000000019ccb000 	/System/Library/PrivateFrameworks/Apple80211.framework/Versions/A/Apple80211
0x0000000019ccb000 	/System/Library/Frameworks/CoreWLAN.framework/Versions/A/CoreWLAN
0x0000000019ccb000 	/System/Library/PrivateFrameworks/CoreUtils.framework/Versions/A/CoreUtils
0x0000000019ccb000 	/System/Library/Frameworks/IOBluetooth.framework/Versions/A/IOBluetooth
0x0000000019ccb000 	/System/Library/PrivateFrameworks/CoreWiFi.framework/Versions/A/CoreWiFi
0x0000000019ccb000 	/System/Library/Frameworks/CoreBluetooth.framework/Versions/A/CoreBluetooth
0x0000000019ccb000 	/System/Library/Frameworks/CoreDisplay.framework/Versions/A/CoreDisplay
0x0000000019ccb000 	/System/Library/PrivateFrameworks/IOPresentment.framework/Versions/A/IOPresentment
0x0000000019ccb000 	/System/Library/PrivateFrameworks/DSExternalDisplay.framework/Versions/A/DSExternalDisplay
0x0000000019ccb000 	/System/Library/PrivateFrameworks/DebugSymbols.framework/Versions/A/DebugSymbols
0x0000000019ccb000 	/System/Library/PrivateFrameworks/CoreSymbolication.framework/Versions/A/CoreSymbolication
0x0000000019ccb000 	/System/Library/PrivateFrameworks/Symbolication.framework/Versions/A/Symbolication
0x0000000019ccb000 	/System/Library/PrivateFrameworks/AppleFSCompression.framework/Versions/A/AppleFSCompression
0x0000000019ccb000 	/System/Library/PrivateFrameworks/SpeechRecognitionCore.framework/Versions/A/SpeechRecognitionCore
0x0000000019ccb000 	/System/Library/PrivateFrameworks/ChunkingLibrary.framework/Versions/A/ChunkingLibrary
0x00000001087af000 	/System/Library/CoreServices/Encodings/libSimplifiedChineseConverter.dylib
0x0000000109000000 	/Applications/Android Studio 3.0 Preview.app/Contents/jre/jdk/Contents/Home/jre/lib/server/libjvm.dylib
0x0000000019ccb000 	/usr/lib/libstdc++.6.dylib
0x00000001087f3000 	/Applications/Android Studio 3.0 Preview.app/Contents/jre/jdk/Contents/Home/jre/lib/libverify.dylib
0x0000000109a65000 	/Applications/Android Studio 3.0 Preview.app/Contents/jre/jdk/Contents/Home/jre/lib/libjava.dylib
0x0000000109aa2000 	/Applications/Android Studio 3.0 Preview.app/Contents/jre/jdk/Contents/Home/jre/lib/libzip.dylib
0x000000010f7c3000 	/Applications/Android Studio 3.0 Preview.app/Contents/jre/jdk/Contents/Home/jre/lib/libnet.dylib
0x000000010f822000 	/Applications/Android Studio 3.0 Preview.app/Contents/jre/jdk/Contents/Home/jre/lib/libnio.dylib
0x000000010f832000 	/Users/Thierry/.gradle/native/25/osx-amd64/libnative-platform.dylib
0x000000010fb6f000 	/Applications/Android Studio 3.0 Preview.app/Contents/jre/jdk/Contents/Home/jre/lib/libmanagement.dylib
0x0000000110150000 	/Applications/Android Studio 3.0 Preview.app/Contents/jre/jdk/Contents/Home/jre/lib/libsunec.dylib
0x00000001137c0000 	/private/var/folders/7s/hbtx9zhn5b9c144hyzwdlbsc0000gn/T/aapt2_5579998285011057655/libc++.dylib
0x0000000113fa3000 	/private/var/folders/7s/hbtx9zhn5b9c144hyzwdlbsc0000gn/T/aapt2_5579998285011057655/libaapt2_jni.dylib
0x000000010f589000 	/private/var/folders/7s/hbtx9zhn5b9c144hyzwdlbsc0000gn/T/native-platform3865025653025902574dir/libnative-platform.dylib
0x000000010f590000 	/Users/Thierry/.gradle/native/jansi/1.14/osx/libjansi.jnilib

VM Arguments:
jvm_args: -Xmx1536m -Dfile.encoding=UTF-8 -Duser.country=CN -Duser.language=zh -Duser.variant 
java_command: org.gradle.launcher.daemon.bootstrap.GradleDaemon 4.1-milestone-1
java_class_path (initial): /Users/Thierry/.gradle/wrapper/dists/gradle-4.1-milestone-1-all/9uoz4qrz3xxqtt8z3tsnbtd3e/gradle-4.1-milestone-1/lib/gradle-launcher-4.1.jar
Launcher Type: SUN_STANDARD

Environment Variables:
PATH=/usr/bin:/bin:/usr/sbin:/sbin
SHELL=/bin/zsh

Signal Handlers:
SIGSEGV: [libjvm.dylib+0x53dc23], sa_mask[0]=11111111011111110111111111111111, sa_flags=SA_ONSTACK|SA_RESTART|SA_SIGINFO
SIGBUS: [libjvm.dylib+0x53dc23], sa_mask[0]=11111111011111110111111111111111, sa_flags=SA_RESTART|SA_SIGINFO
SIGFPE: [libjvm.dylib+0x436537], sa_mask[0]=11111111011111110111111111111111, sa_flags=SA_RESTART|SA_SIGINFO
SIGPIPE: [libjvm.dylib+0x436537], sa_mask[0]=11111111011111110111111111111111, sa_flags=SA_RESTART|SA_SIGINFO
SIGXFSZ: [libjvm.dylib+0x436537], sa_mask[0]=11111111011111110111111111111111, sa_flags=SA_RESTART|SA_SIGINFO
SIGILL: [libjvm.dylib+0x436537], sa_mask[0]=11111111011111110111111111111111, sa_flags=SA_RESTART|SA_SIGINFO
SIGUSR1: SIG_DFL, sa_mask[0]=00000000000000000000000000000000, sa_flags=none
SIGUSR2: [libjvm.dylib+0x436e5c], sa_mask[0]=00100000000000000000000000000000, sa_flags=SA_RESTART|SA_SIGINFO
SIGHUP: [libjvm.dylib+0x435051], sa_mask[0]=11111111011111110111111111111111, sa_flags=SA_RESTART|SA_SIGINFO
SIGINT: [libjvm.dylib+0x435051], sa_mask[0]=11111111011111110111111111111111, sa_flags=SA_RESTART|SA_SIGINFO
SIGTERM: [libjvm.dylib+0x435051], sa_mask[0]=11111111011111110111111111111111, sa_flags=SA_RESTART|SA_SIGINFO
SIGQUIT: [libjvm.dylib+0x435051], sa_mask[0]=11111111011111110111111111111111, sa_flags=SA_RESTART|SA_SIGINFO


---------------  S Y S T E M  ---------------

OS:Bsduname:Darwin 16.5.0 Darwin Kernel Version 16.5.0: Fri Mar  3 16:52:33 PST 2017; root:xnu-3789.51.2~3/RELEASE_X86_64 x86_64
rlimit: STACK 8192k, CORE 0k, NPROC 709, NOFILE 10240, AS infinity
load average:3.58 3.81 3.09

CPU:total 4 (initial active 4) (2 cores per cpu, 2 threads per core) family 6 model 69 stepping 1, cmov, cx8, fxsr, mmx, sse, sse2, sse3, ssse3, sse4.1, sse4.2, popcnt, avx, avx2, aes, clmul, erms, lzcnt, ht, tsc, tscinvbit, bmi1, bmi2

Memory: 4k page, physical 8388608k(74272k free)

/proc/meminfo:


vm_info: OpenJDK 64-Bit Server VM (25.152-b01) for bsd-amd64 JRE (1.8.0_152-release-884-b01), built on Jun 14 2017 14:25:15 by "builder" with gcc 4.2.1 Compatible Apple LLVM 8.1.0 (clang-802.0.42)

time: Sat Jul 29 15:08:16 2017
elapsed time: 381 seconds (0d 0h 6m 21s)

